14:37:39 INFO  : Launching XSCT server: xsct.bat -n  -interactive D:\ASUS-PC\Desktop\temporary\Vivado2021\Mini_ctrl_brd_zynq\Vitis\temp_xsdb_launch_script.tcl
14:37:39 INFO  : Registering command handlers for Vitis TCF services
14:37:39 INFO  : Platform repository initialization has completed.
14:37:40 INFO  : XSCT server has started successfully.
14:37:40 INFO  : Successfully done setting XSCT server connection channel  
14:37:40 INFO  : Successfully done query RDI_DATADIR 
14:37:40 INFO  : Successfully done setting workspace for the tool. 
14:37:41 INFO  : plnx-install-location is set to ''
14:38:38 INFO  : Result from executing command 'getProjects': system_wrapper
14:38:38 INFO  : Result from executing command 'getPlatforms': 
14:38:38 WARN  : An unexpected exception occurred in the module 'platform project logging'
14:38:39 INFO  : Platform 'system_wrapper' is added to custom repositories.
14:38:43 INFO  : Platform 'system_wrapper' is added to custom repositories.
14:39:01 INFO  : Hardware specification for platform project 'system_wrapper' is updated.
14:41:58 INFO  : Checking for BSP changes to sync application flags for project 'Mini_ctrl_brd_zynq'...
14:41:58 INFO  : Result from executing command 'getProjects': Mini_ctrl_brd_zynq;Mini_ctrl_brd_zynq_system;RemoteSystemsTempFiles;system_wrapper
14:41:58 WARN  : Failed to closehw "D:/ASUS-PC/Desktop/temporary/Vivado2021/Mini_ctrl_brd_zynq/Vitis/system_wrapper/export/system_wrapper/hw/system_wrapper.xsa"
Reason: D:/ASUS-PC/Desktop/temporary/Vivado2021/Mini_ctrl_brd_zynq/Vitis/system_wrapper/export/system_wrapper/hw/system_wrapper.xsa is not available in the current workspace
use 'getprojects' command to see list of available projects in current workspace
14:41:58 INFO  : Result from executing command 'getProjects': Mini_ctrl_brd_zynq;Mini_ctrl_brd_zynq_system;RemoteSystemsTempFiles;system_wrapper
14:41:58 ERROR : Failed to openhw "D:/ASUS-PC/Desktop/temporary/Vivado2021/Mini_ctrl_brd_zynq/Vitis/system_wrapper/export/system_wrapper/hw/system_wrapper.xsa"
Reason: D:/ASUS-PC/Desktop/temporary/Vivado2021/Mini_ctrl_brd_zynq/Vitis/system_wrapper/export/system_wrapper/hw/system_wrapper.xsa is not available in the current workspace
use 'getprojects' command to see list of available projects in current workspace
14:41:58 ERROR : Failed to update application flags from BSP for 'Mini_ctrl_brd_zynq'. Reason: null
java.lang.NullPointerException
	at com.xilinx.sdx.sw.internal.SDxSwPlatform.<init>(SDxSwPlatform.java:305)
	at com.xilinx.sdx.sw.internal.SDxSwPlatform.create(SDxSwPlatform.java:214)
	at com.xilinx.sdx.sdk.core.util.SdkPlatformHelper.getSwPlatform(SdkPlatformHelper.java:61)
	at com.xilinx.sdx.sdk.core.build.SdkMakefileGenerationListener.getSwPlatform(SdkMakefileGenerationListener.java:160)
	at com.xilinx.sdx.sdk.core.build.SdkMakefileGenerationListener.syncAppFlags(SdkMakefileGenerationListener.java:78)
	at com.xilinx.sdx.sdk.core.build.SdkMakefileGenerationListener.preMakefileGeneration(SdkMakefileGenerationListener.java:48)
	at com.xilinx.sdk.managedbuilder.XilinxGnuMakefileGenerator.notifyPreMakefileGenerationListeners(XilinxGnuMakefileGenerator.java:91)
	at com.xilinx.sdk.managedbuilder.XilinxGnuMakefileGenerator.regenerateMakefiles(XilinxGnuMakefileGenerator.java:75)
	at org.eclipse.cdt.managedbuilder.internal.core.CommonBuilder.performMakefileGeneration(CommonBuilder.java:1006)
	at org.eclipse.cdt.managedbuilder.internal.core.CommonBuilder.performPrebuildGeneration(CommonBuilder.java:873)
	at org.eclipse.cdt.managedbuilder.internal.core.CommonBuilder.build(CommonBuilder.java:748)
	at org.eclipse.cdt.managedbuilder.internal.core.CommonBuilder.build(CommonBuilder.java:513)
	at org.eclipse.cdt.managedbuilder.internal.core.CommonBuilder.build(CommonBuilder.java:459)
	at org.eclipse.core.internal.events.BuildManager$2.run(BuildManager.java:832)
	at org.eclipse.core.runtime.SafeRunner.run(SafeRunner.java:45)
	at org.eclipse.core.internal.events.BuildManager.basicBuild(BuildManager.java:220)
	at org.eclipse.core.internal.events.BuildManager.basicBuild(BuildManager.java:263)
	at org.eclipse.core.internal.events.BuildManager$1.run(BuildManager.java:316)
	at org.eclipse.core.runtime.SafeRunner.run(SafeRunner.java:45)
	at org.eclipse.core.internal.events.BuildManager.basicBuild(BuildManager.java:319)
	at org.eclipse.core.internal.events.BuildManager.basicBuildLoop(BuildManager.java:371)
	at org.eclipse.core.internal.events.BuildManager.build(BuildManager.java:392)
	at org.eclipse.core.internal.resources.Workspace.buildInternal(Workspace.java:515)
	at org.eclipse.core.internal.resources.Workspace.build(Workspace.java:412)
	at org.eclipse.ui.actions.BuildAction$1.runInWorkspace(BuildAction.java:291)
	at org.eclipse.core.internal.resources.InternalWorkspaceJob.run(InternalWorkspaceJob.java:42)
	at org.eclipse.core.internal.jobs.Worker.run(Worker.java:63)
14:49:27 INFO  : Checking for BSP changes to sync application flags for project 'Mini_ctrl_brd_zynq'...
14:49:27 ERROR : Failed to get platform details for the project 'Mini_ctrl_brd_zynq'. Cannot sync application flags.
14:49:47 INFO  : Checking for BSP changes to sync application flags for project 'Mini_ctrl_brd_zynq'...
14:49:47 ERROR : Failed to get platform details for the project 'Mini_ctrl_brd_zynq'. Cannot sync application flags.
14:54:18 INFO  : Result from executing command 'getProjects': system_wrapper
14:54:18 INFO  : Result from executing command 'getPlatforms': system_wrapper|D:/ASUS-PC/Desktop/temporary/Vivado2021/Mini_ctrl_brd_zynq/Vitis/system_wrapper/export/system_wrapper/system_wrapper.xpfm
14:54:18 INFO  : Checking for BSP changes to sync application flags for project 'Mini_ctrl_brd_zynq'...
14:54:18 INFO  : Updating application flags with new BSP settings...
14:54:18 INFO  : Successfully updated application flags for project Mini_ctrl_brd_zynq.
14:55:25 INFO  : Checking for BSP changes to sync application flags for project 'Mini_ctrl_brd_zynq'...
14:55:45 INFO  : Connected to target on host '127.0.0.1' and port '3121'.
14:55:45 INFO  : Jtag cable 'Digilent Zed 210248764166' is selected.
14:55:45 INFO  : 'jtag frequency' command is executed.
14:55:45 INFO  : Context for 'APU' is selected.
14:55:46 INFO  : System reset is completed.
14:55:49 INFO  : 'after 3000' command is executed.
14:55:49 INFO  : 'targets -set -filter {jtag_cable_name =~ "Digilent Zed 210248764166" && level==0 && jtag_device_ctx=="jsn-Zed-210248764166-23727093-0"}' command is executed.
14:55:51 INFO  : Device configured successfully with "D:/ASUS-PC/Desktop/temporary/Vivado2021/Mini_ctrl_brd_zynq/Vitis/Mini_ctrl_brd_zynq/_ide/bitstream/system_wrapper.bit"
14:55:51 INFO  : Context for 'APU' is selected.
14:55:51 INFO  : Hardware design and registers information is loaded from 'D:/ASUS-PC/Desktop/temporary/Vivado2021/Mini_ctrl_brd_zynq/Vitis/system_wrapper/export/system_wrapper/hw/system_wrapper.xsa'.
14:55:51 INFO  : 'configparams force-mem-access 1' command is executed.
14:55:51 INFO  : Context for 'APU' is selected.
14:55:51 INFO  : Sourcing of 'D:/ASUS-PC/Desktop/temporary/Vivado2021/Mini_ctrl_brd_zynq/Vitis/Mini_ctrl_brd_zynq/_ide/psinit/ps7_init.tcl' is done.
14:55:51 INFO  : 'ps7_init' command is executed.
14:55:51 INFO  : 'ps7_post_config' command is executed.
14:55:51 INFO  : Context for processor 'ps7_cortexa9_0' is selected.
14:55:52 INFO  : The application 'D:/ASUS-PC/Desktop/temporary/Vivado2021/Mini_ctrl_brd_zynq/Vitis/Mini_ctrl_brd_zynq/Debug/Mini_ctrl_brd_zynq.elf' is downloaded to processor 'ps7_cortexa9_0'.
14:55:52 INFO  : 'configparams force-mem-access 0' command is executed.
14:55:52 INFO  : ----------------XSDB Script----------------
connect -url tcp:127.0.0.1:3121
targets -set -nocase -filter {name =~"APU*"}
rst -system
after 3000
targets -set -filter {jtag_cable_name =~ "Digilent Zed 210248764166" && level==0 && jtag_device_ctx=="jsn-Zed-210248764166-23727093-0"}
fpga -file D:/ASUS-PC/Desktop/temporary/Vivado2021/Mini_ctrl_brd_zynq/Vitis/Mini_ctrl_brd_zynq/_ide/bitstream/system_wrapper.bit
targets -set -nocase -filter {name =~"APU*"}
loadhw -hw D:/ASUS-PC/Desktop/temporary/Vivado2021/Mini_ctrl_brd_zynq/Vitis/system_wrapper/export/system_wrapper/hw/system_wrapper.xsa -mem-ranges [list {0x40000000 0xbfffffff}] -regs
configparams force-mem-access 1
targets -set -nocase -filter {name =~"APU*"}
source D:/ASUS-PC/Desktop/temporary/Vivado2021/Mini_ctrl_brd_zynq/Vitis/Mini_ctrl_brd_zynq/_ide/psinit/ps7_init.tcl
ps7_init
ps7_post_config
targets -set -nocase -filter {name =~ "*A9*#0"}
dow D:/ASUS-PC/Desktop/temporary/Vivado2021/Mini_ctrl_brd_zynq/Vitis/Mini_ctrl_brd_zynq/Debug/Mini_ctrl_brd_zynq.elf
configparams force-mem-access 0
----------------End of Script----------------

14:55:52 INFO  : Context for processor 'ps7_cortexa9_0' is selected.
14:55:52 INFO  : 'con' command is executed.
14:55:52 INFO  : ----------------XSDB Script (After Launch)----------------
targets -set -nocase -filter {name =~ "*A9*#0"}
con
----------------End of Script----------------

14:55:52 INFO  : Launch script is exported to file 'D:\ASUS-PC\Desktop\temporary\Vivado2021\Mini_ctrl_brd_zynq\Vitis\Mini_ctrl_brd_zynq_system\_ide\scripts\debugger_mini_ctrl_brd_zynq-default.tcl'
15:08:18 INFO  : Disconnected from the channel tcfchan#5.
15:08:19 INFO  : Connected to target on host '127.0.0.1' and port '3121'.
15:08:19 INFO  : Jtag cable 'Digilent Zed 210248764166' is selected.
15:08:19 INFO  : 'jtag frequency' command is executed.
15:08:21 INFO  : Context for 'APU' is selected.
15:08:21 INFO  : System reset is completed.
15:08:24 INFO  : 'after 3000' command is executed.
15:08:24 INFO  : 'targets -set -filter {jtag_cable_name =~ "Digilent Zed 210248764166" && level==0 && jtag_device_ctx=="jsn-Zed-210248764166-23727093-0"}' command is executed.
15:08:26 INFO  : Device configured successfully with "D:/ASUS-PC/Desktop/temporary/Vivado2021/Mini_ctrl_brd_zynq/Vitis/Mini_ctrl_brd_zynq/_ide/bitstream/system_wrapper.bit"
15:08:27 INFO  : Context for 'APU' is selected.
15:08:27 INFO  : Hardware design and registers information is loaded from 'D:/ASUS-PC/Desktop/temporary/Vivado2021/Mini_ctrl_brd_zynq/Vitis/system_wrapper/export/system_wrapper/hw/system_wrapper.xsa'.
15:08:27 INFO  : 'configparams force-mem-access 1' command is executed.
15:08:27 INFO  : Context for 'APU' is selected.
15:08:27 INFO  : Sourcing of 'D:/ASUS-PC/Desktop/temporary/Vivado2021/Mini_ctrl_brd_zynq/Vitis/Mini_ctrl_brd_zynq/_ide/psinit/ps7_init.tcl' is done.
15:08:27 INFO  : 'ps7_init' command is executed.
15:08:27 INFO  : 'ps7_post_config' command is executed.
15:08:27 INFO  : Context for processor 'ps7_cortexa9_0' is selected.
15:08:27 INFO  : The application 'D:/ASUS-PC/Desktop/temporary/Vivado2021/Mini_ctrl_brd_zynq/Vitis/Mini_ctrl_brd_zynq/Debug/Mini_ctrl_brd_zynq.elf' is downloaded to processor 'ps7_cortexa9_0'.
15:08:27 INFO  : 'configparams force-mem-access 0' command is executed.
15:08:27 INFO  : ----------------XSDB Script----------------
connect -url tcp:127.0.0.1:3121
targets -set -nocase -filter {name =~"APU*"}
rst -system
after 3000
targets -set -filter {jtag_cable_name =~ "Digilent Zed 210248764166" && level==0 && jtag_device_ctx=="jsn-Zed-210248764166-23727093-0"}
fpga -file D:/ASUS-PC/Desktop/temporary/Vivado2021/Mini_ctrl_brd_zynq/Vitis/Mini_ctrl_brd_zynq/_ide/bitstream/system_wrapper.bit
targets -set -nocase -filter {name =~"APU*"}
loadhw -hw D:/ASUS-PC/Desktop/temporary/Vivado2021/Mini_ctrl_brd_zynq/Vitis/system_wrapper/export/system_wrapper/hw/system_wrapper.xsa -mem-ranges [list {0x40000000 0xbfffffff}] -regs
configparams force-mem-access 1
targets -set -nocase -filter {name =~"APU*"}
source D:/ASUS-PC/Desktop/temporary/Vivado2021/Mini_ctrl_brd_zynq/Vitis/Mini_ctrl_brd_zynq/_ide/psinit/ps7_init.tcl
ps7_init
ps7_post_config
targets -set -nocase -filter {name =~ "*A9*#0"}
dow D:/ASUS-PC/Desktop/temporary/Vivado2021/Mini_ctrl_brd_zynq/Vitis/Mini_ctrl_brd_zynq/Debug/Mini_ctrl_brd_zynq.elf
configparams force-mem-access 0
----------------End of Script----------------

15:08:27 INFO  : Context for processor 'ps7_cortexa9_0' is selected.
15:08:27 INFO  : 'con' command is executed.
15:08:27 INFO  : ----------------XSDB Script (After Launch)----------------
targets -set -nocase -filter {name =~ "*A9*#0"}
con
----------------End of Script----------------

15:08:27 INFO  : Launch script is exported to file 'D:\ASUS-PC\Desktop\temporary\Vivado2021\Mini_ctrl_brd_zynq\Vitis\Mini_ctrl_brd_zynq_system\_ide\scripts\debugger_mini_ctrl_brd_zynq-default.tcl'
15:13:39 INFO  : Checking for BSP changes to sync application flags for project 'Mini_ctrl_brd_zynq'...
15:13:39 INFO  : Result from executing command 'getProjects': Mini_ctrl_brd_zynq;Mini_ctrl_brd_zynq_system;RemoteSystemsTempFiles;system_wrapper
15:13:39 WARN  : Failed to closehw "D:/ASUS-PC/Desktop/temporary/Vivado2021/Mini_ctrl_brd_zynq/Vitis/system_wrapper/export/system_wrapper/hw/system_wrapper.xsa"
Reason: D:/ASUS-PC/Desktop/temporary/Vivado2021/Mini_ctrl_brd_zynq/Vitis/system_wrapper/export/system_wrapper/hw/system_wrapper.xsa is not available in the current workspace
use 'getprojects' command to see list of available projects in current workspace
15:13:39 INFO  : Result from executing command 'getProjects': Mini_ctrl_brd_zynq;Mini_ctrl_brd_zynq_system;RemoteSystemsTempFiles;system_wrapper
15:13:39 ERROR : Failed to openhw "D:/ASUS-PC/Desktop/temporary/Vivado2021/Mini_ctrl_brd_zynq/Vitis/system_wrapper/export/system_wrapper/hw/system_wrapper.xsa"
Reason: D:/ASUS-PC/Desktop/temporary/Vivado2021/Mini_ctrl_brd_zynq/Vitis/system_wrapper/export/system_wrapper/hw/system_wrapper.xsa is not available in the current workspace
use 'getprojects' command to see list of available projects in current workspace
15:13:39 ERROR : Failed to update application flags from BSP for 'Mini_ctrl_brd_zynq'. Reason: null
java.lang.NullPointerException
	at com.xilinx.sdx.sw.internal.SDxSwPlatform.<init>(SDxSwPlatform.java:305)
	at com.xilinx.sdx.sw.internal.SDxSwPlatform.create(SDxSwPlatform.java:214)
	at com.xilinx.sdx.sdk.core.util.SdkPlatformHelper.getSwPlatform(SdkPlatformHelper.java:61)
	at com.xilinx.sdx.sdk.core.build.SdkMakefileGenerationListener.getSwPlatform(SdkMakefileGenerationListener.java:160)
	at com.xilinx.sdx.sdk.core.build.SdkMakefileGenerationListener.syncAppFlags(SdkMakefileGenerationListener.java:78)
	at com.xilinx.sdx.sdk.core.build.SdkMakefileGenerationListener.preMakefileGeneration(SdkMakefileGenerationListener.java:48)
	at com.xilinx.sdk.managedbuilder.XilinxGnuMakefileGenerator.notifyPreMakefileGenerationListeners(XilinxGnuMakefileGenerator.java:91)
	at com.xilinx.sdk.managedbuilder.XilinxGnuMakefileGenerator.generateMakefiles(XilinxGnuMakefileGenerator.java:40)
	at org.eclipse.cdt.managedbuilder.internal.core.CommonBuilder.performMakefileGeneration(CommonBuilder.java:1008)
	at org.eclipse.cdt.managedbuilder.internal.core.CommonBuilder.performPrebuildGeneration(CommonBuilder.java:873)
	at org.eclipse.cdt.managedbuilder.internal.core.CommonBuilder.build(CommonBuilder.java:748)
	at org.eclipse.cdt.managedbuilder.internal.core.CommonBuilder.build(CommonBuilder.java:510)
	at org.eclipse.cdt.managedbuilder.internal.core.CommonBuilder.build(CommonBuilder.java:459)
	at org.eclipse.core.internal.events.BuildManager$2.run(BuildManager.java:832)
	at org.eclipse.core.runtime.SafeRunner.run(SafeRunner.java:45)
	at org.eclipse.core.internal.events.BuildManager.basicBuild(BuildManager.java:220)
	at org.eclipse.core.internal.events.BuildManager.basicBuild(BuildManager.java:263)
	at org.eclipse.core.internal.events.BuildManager$1.run(BuildManager.java:316)
	at org.eclipse.core.runtime.SafeRunner.run(SafeRunner.java:45)
	at org.eclipse.core.internal.events.BuildManager.basicBuild(BuildManager.java:319)
	at org.eclipse.core.internal.events.BuildManager.basicBuildLoop(BuildManager.java:371)
	at org.eclipse.core.internal.events.BuildManager.build(BuildManager.java:392)
	at org.eclipse.core.internal.resources.Workspace.buildInternal(Workspace.java:515)
	at org.eclipse.core.internal.resources.Workspace.build(Workspace.java:412)
	at org.eclipse.ui.actions.BuildAction$1.runInWorkspace(BuildAction.java:291)
	at org.eclipse.core.internal.resources.InternalWorkspaceJob.run(InternalWorkspaceJob.java:42)
	at org.eclipse.core.internal.jobs.Worker.run(Worker.java:63)
15:14:10 INFO  : Result from executing command 'removePlatformRepo': 
15:15:38 INFO  : Hardware specification for platform project 'system_wrapper' is updated.
15:15:55 INFO  : Checking for BSP changes to sync application flags for project 'Mini_ctrl_brd_zynq'...
15:15:55 ERROR : Failed to get platform details for the project 'Mini_ctrl_brd_zynq'. Cannot sync application flags.
15:16:46 INFO  : Hardware specification for platform project 'system_wrapper' is updated.
15:17:03 INFO  : Checking for BSP changes to sync application flags for project 'Mini_ctrl_brd_zynq'...
15:17:03 ERROR : Failed to get platform details for the project 'Mini_ctrl_brd_zynq'. Cannot sync application flags.
15:21:38 INFO  : Result from executing command 'getProjects': system_wrapper
15:21:38 INFO  : Result from executing command 'getPlatforms': 
15:21:39 INFO  : Checking for BSP changes to sync application flags for project 'Mini_ctrl_brd_zynq'...
15:21:39 INFO  : Updating application flags with new BSP settings...
15:21:39 INFO  : Successfully updated application flags for project Mini_ctrl_brd_zynq.
15:21:48 INFO  : Disconnected from the channel tcfchan#6.
15:21:49 INFO  : Connected to target on host '127.0.0.1' and port '3121'.
15:21:49 INFO  : Jtag cable 'Digilent Zed 210248764166' is selected.
15:21:49 INFO  : 'jtag frequency' command is executed.
15:21:49 INFO  : Context for 'APU' is selected.
15:21:50 INFO  : System reset is completed.
15:21:53 INFO  : 'after 3000' command is executed.
15:21:53 INFO  : 'targets -set -filter {jtag_cable_name =~ "Digilent Zed 210248764166" && level==0 && jtag_device_ctx=="jsn-Zed-210248764166-23727093-0"}' command is executed.
15:21:55 INFO  : Device configured successfully with "D:/ASUS-PC/Desktop/temporary/Vivado2021/Mini_ctrl_brd_zynq/Vitis/Mini_ctrl_brd_zynq/_ide/bitstream/system_wrapper.bit"
15:21:55 INFO  : Context for 'APU' is selected.
15:21:55 INFO  : Hardware design and registers information is loaded from 'D:/ASUS-PC/Desktop/temporary/Vivado2021/Mini_ctrl_brd_zynq/Vitis/system_wrapper/export/system_wrapper/hw/system_wrapper.xsa'.
15:21:55 INFO  : 'configparams force-mem-access 1' command is executed.
15:21:55 INFO  : Context for 'APU' is selected.
15:21:55 INFO  : Sourcing of 'D:/ASUS-PC/Desktop/temporary/Vivado2021/Mini_ctrl_brd_zynq/Vitis/Mini_ctrl_brd_zynq/_ide/psinit/ps7_init.tcl' is done.
15:21:55 INFO  : 'ps7_init' command is executed.
15:21:55 INFO  : 'ps7_post_config' command is executed.
15:21:55 INFO  : Context for processor 'ps7_cortexa9_0' is selected.
15:21:56 INFO  : The application 'D:/ASUS-PC/Desktop/temporary/Vivado2021/Mini_ctrl_brd_zynq/Vitis/Mini_ctrl_brd_zynq/Debug/Mini_ctrl_brd_zynq.elf' is downloaded to processor 'ps7_cortexa9_0'.
15:21:56 INFO  : 'configparams force-mem-access 0' command is executed.
15:21:56 INFO  : ----------------XSDB Script----------------
connect -url tcp:127.0.0.1:3121
targets -set -nocase -filter {name =~"APU*"}
rst -system
after 3000
targets -set -filter {jtag_cable_name =~ "Digilent Zed 210248764166" && level==0 && jtag_device_ctx=="jsn-Zed-210248764166-23727093-0"}
fpga -file D:/ASUS-PC/Desktop/temporary/Vivado2021/Mini_ctrl_brd_zynq/Vitis/Mini_ctrl_brd_zynq/_ide/bitstream/system_wrapper.bit
targets -set -nocase -filter {name =~"APU*"}
loadhw -hw D:/ASUS-PC/Desktop/temporary/Vivado2021/Mini_ctrl_brd_zynq/Vitis/system_wrapper/export/system_wrapper/hw/system_wrapper.xsa -mem-ranges [list {0x40000000 0xbfffffff}] -regs
configparams force-mem-access 1
targets -set -nocase -filter {name =~"APU*"}
source D:/ASUS-PC/Desktop/temporary/Vivado2021/Mini_ctrl_brd_zynq/Vitis/Mini_ctrl_brd_zynq/_ide/psinit/ps7_init.tcl
ps7_init
ps7_post_config
targets -set -nocase -filter {name =~ "*A9*#0"}
dow D:/ASUS-PC/Desktop/temporary/Vivado2021/Mini_ctrl_brd_zynq/Vitis/Mini_ctrl_brd_zynq/Debug/Mini_ctrl_brd_zynq.elf
configparams force-mem-access 0
----------------End of Script----------------

15:21:56 INFO  : Context for processor 'ps7_cortexa9_0' is selected.
15:21:56 INFO  : 'con' command is executed.
15:21:56 INFO  : ----------------XSDB Script (After Launch)----------------
targets -set -nocase -filter {name =~ "*A9*#0"}
con
----------------End of Script----------------

15:21:56 INFO  : Launch script is exported to file 'D:\ASUS-PC\Desktop\temporary\Vivado2021\Mini_ctrl_brd_zynq\Vitis\Mini_ctrl_brd_zynq_system\_ide\scripts\debugger_mini_ctrl_brd_zynq-default.tcl'
15:25:30 INFO  : Disconnected from the channel tcfchan#13.
15:25:31 INFO  : Connected to target on host '127.0.0.1' and port '3121'.
15:25:31 INFO  : Jtag cable 'Digilent Zed 210248764166' is selected.
15:25:31 INFO  : 'jtag frequency' command is executed.
15:25:33 INFO  : Context for 'APU' is selected.
15:25:34 INFO  : System reset is completed.
15:25:37 INFO  : 'after 3000' command is executed.
15:25:37 INFO  : 'targets -set -filter {jtag_cable_name =~ "Digilent Zed 210248764166" && level==0 && jtag_device_ctx=="jsn-Zed-210248764166-23727093-0"}' command is executed.
15:25:39 INFO  : Device configured successfully with "D:/ASUS-PC/Desktop/temporary/Vivado2021/Mini_ctrl_brd_zynq/Vitis/Mini_ctrl_brd_zynq/_ide/bitstream/system_wrapper.bit"
15:25:39 INFO  : Context for 'APU' is selected.
15:25:39 INFO  : Hardware design and registers information is loaded from 'D:/ASUS-PC/Desktop/temporary/Vivado2021/Mini_ctrl_brd_zynq/Vitis/system_wrapper/export/system_wrapper/hw/system_wrapper.xsa'.
15:25:39 INFO  : 'configparams force-mem-access 1' command is executed.
15:25:39 INFO  : Context for 'APU' is selected.
15:25:39 INFO  : Sourcing of 'D:/ASUS-PC/Desktop/temporary/Vivado2021/Mini_ctrl_brd_zynq/Vitis/Mini_ctrl_brd_zynq/_ide/psinit/ps7_init.tcl' is done.
15:25:39 INFO  : 'ps7_init' command is executed.
15:25:39 INFO  : 'ps7_post_config' command is executed.
15:25:39 INFO  : Context for processor 'ps7_cortexa9_0' is selected.
15:25:40 INFO  : The application 'D:/ASUS-PC/Desktop/temporary/Vivado2021/Mini_ctrl_brd_zynq/Vitis/Mini_ctrl_brd_zynq/Debug/Mini_ctrl_brd_zynq.elf' is downloaded to processor 'ps7_cortexa9_0'.
15:25:40 INFO  : 'configparams force-mem-access 0' command is executed.
15:25:40 INFO  : ----------------XSDB Script----------------
connect -url tcp:127.0.0.1:3121
targets -set -nocase -filter {name =~"APU*"}
rst -system
after 3000
targets -set -filter {jtag_cable_name =~ "Digilent Zed 210248764166" && level==0 && jtag_device_ctx=="jsn-Zed-210248764166-23727093-0"}
fpga -file D:/ASUS-PC/Desktop/temporary/Vivado2021/Mini_ctrl_brd_zynq/Vitis/Mini_ctrl_brd_zynq/_ide/bitstream/system_wrapper.bit
targets -set -nocase -filter {name =~"APU*"}
loadhw -hw D:/ASUS-PC/Desktop/temporary/Vivado2021/Mini_ctrl_brd_zynq/Vitis/system_wrapper/export/system_wrapper/hw/system_wrapper.xsa -mem-ranges [list {0x40000000 0xbfffffff}] -regs
configparams force-mem-access 1
targets -set -nocase -filter {name =~"APU*"}
source D:/ASUS-PC/Desktop/temporary/Vivado2021/Mini_ctrl_brd_zynq/Vitis/Mini_ctrl_brd_zynq/_ide/psinit/ps7_init.tcl
ps7_init
ps7_post_config
targets -set -nocase -filter {name =~ "*A9*#0"}
dow D:/ASUS-PC/Desktop/temporary/Vivado2021/Mini_ctrl_brd_zynq/Vitis/Mini_ctrl_brd_zynq/Debug/Mini_ctrl_brd_zynq.elf
configparams force-mem-access 0
----------------End of Script----------------

15:25:40 INFO  : Context for processor 'ps7_cortexa9_0' is selected.
15:25:40 INFO  : 'con' command is executed.
15:25:40 INFO  : ----------------XSDB Script (After Launch)----------------
targets -set -nocase -filter {name =~ "*A9*#0"}
con
----------------End of Script----------------

15:25:40 INFO  : Launch script is exported to file 'D:\ASUS-PC\Desktop\temporary\Vivado2021\Mini_ctrl_brd_zynq\Vitis\Mini_ctrl_brd_zynq_system\_ide\scripts\debugger_mini_ctrl_brd_zynq-default.tcl'
15:28:08 INFO  : Disconnected from the channel tcfchan#14.
11:57:42 INFO  : Launching XSCT server: xsct.bat -n  -interactive D:\ASUS-PC\Desktop\temporary\Mini_ctrl_brd_zynq\Vitis\temp_xsdb_launch_script.tcl
11:57:44 INFO  : XSCT server has started successfully.
11:57:44 INFO  : Successfully done setting XSCT server connection channel  
11:57:44 INFO  : plnx-install-location is set to ''
11:57:44 INFO  : Successfully done setting workspace for the tool. 
11:57:44 INFO  : Platform repository initialization has completed.
11:57:44 INFO  : Successfully done query RDI_DATADIR 
11:57:45 INFO  : Registering command handlers for Vitis TCF services
11:57:49 INFO  : Checking for BSP changes to sync application flags for project 'Mini_ctrl_brd_zynq'...
11:58:03 INFO  : Connected to target on host '127.0.0.1' and port '3121'.
11:58:03 INFO  : Jtag cable 'Digilent Zed 210248764166' is selected.
11:58:03 INFO  : 'jtag frequency' command is executed.
11:58:03 INFO  : Context for 'APU' is selected.
11:58:03 INFO  : System reset is completed.
11:58:06 INFO  : 'after 3000' command is executed.
11:58:06 INFO  : 'targets -set -filter {jtag_cable_name =~ "Digilent Zed 210248764166" && level==0 && jtag_device_ctx=="jsn-Zed-210248764166-23727093-0"}' command is executed.
11:58:08 INFO  : Device configured successfully with "D:/ASUS-PC/Desktop/temporary/Mini_ctrl_brd_zynq/Vitis/Mini_ctrl_brd_zynq/_ide/bitstream/system_wrapper.bit"
11:58:08 INFO  : Context for 'APU' is selected.
11:58:09 INFO  : Hardware design and registers information is loaded from 'D:/ASUS-PC/Desktop/temporary/Vivado2021/Mini_ctrl_brd_zynq/Vitis/system_wrapper/export/system_wrapper/hw/system_wrapper.xsa'.
11:58:09 INFO  : 'configparams force-mem-access 1' command is executed.
11:58:09 INFO  : Context for 'APU' is selected.
11:58:09 INFO  : Sourcing of 'D:/ASUS-PC/Desktop/temporary/Mini_ctrl_brd_zynq/Vitis/Mini_ctrl_brd_zynq/_ide/psinit/ps7_init.tcl' is done.
11:58:09 INFO  : 'ps7_init' command is executed.
11:58:09 INFO  : 'ps7_post_config' command is executed.
11:58:09 INFO  : Context for processor 'ps7_cortexa9_0' is selected.
11:58:09 INFO  : The application 'D:/ASUS-PC/Desktop/temporary/Mini_ctrl_brd_zynq/Vitis/Mini_ctrl_brd_zynq/Debug/Mini_ctrl_brd_zynq.elf' is downloaded to processor 'ps7_cortexa9_0'.
11:58:09 INFO  : 'configparams force-mem-access 0' command is executed.
11:58:09 INFO  : ----------------XSDB Script----------------
connect -url tcp:127.0.0.1:3121
targets -set -nocase -filter {name =~"APU*"}
rst -system
after 3000
targets -set -filter {jtag_cable_name =~ "Digilent Zed 210248764166" && level==0 && jtag_device_ctx=="jsn-Zed-210248764166-23727093-0"}
fpga -file D:/ASUS-PC/Desktop/temporary/Mini_ctrl_brd_zynq/Vitis/Mini_ctrl_brd_zynq/_ide/bitstream/system_wrapper.bit
targets -set -nocase -filter {name =~"APU*"}
loadhw -hw D:/ASUS-PC/Desktop/temporary/Vivado2021/Mini_ctrl_brd_zynq/Vitis/system_wrapper/export/system_wrapper/hw/system_wrapper.xsa -mem-ranges [list {0x40000000 0xbfffffff}] -regs
configparams force-mem-access 1
targets -set -nocase -filter {name =~"APU*"}
source D:/ASUS-PC/Desktop/temporary/Mini_ctrl_brd_zynq/Vitis/Mini_ctrl_brd_zynq/_ide/psinit/ps7_init.tcl
ps7_init
ps7_post_config
targets -set -nocase -filter {name =~ "*A9*#0"}
dow D:/ASUS-PC/Desktop/temporary/Mini_ctrl_brd_zynq/Vitis/Mini_ctrl_brd_zynq/Debug/Mini_ctrl_brd_zynq.elf
configparams force-mem-access 0
----------------End of Script----------------

11:58:09 INFO  : Context for processor 'ps7_cortexa9_0' is selected.
11:58:09 INFO  : 'con' command is executed.
11:58:09 INFO  : ----------------XSDB Script (After Launch)----------------
targets -set -nocase -filter {name =~ "*A9*#0"}
con
----------------End of Script----------------

11:58:09 INFO  : Launch script is exported to file 'D:\ASUS-PC\Desktop\temporary\Mini_ctrl_brd_zynq\Vitis\Mini_ctrl_brd_zynq_system\_ide\scripts\debugger_mini_ctrl_brd_zynq-default.tcl'
11:59:41 INFO  : Disconnected from the channel tcfchan#1.
11:59:42 INFO  : Connected to target on host '127.0.0.1' and port '3121'.
11:59:42 INFO  : Jtag cable 'Digilent Zed 210248764166' is selected.
11:59:42 INFO  : 'jtag frequency' command is executed.
11:59:42 INFO  : Context for 'APU' is selected.
11:59:42 INFO  : System reset is completed.
11:59:45 INFO  : 'after 3000' command is executed.
11:59:45 INFO  : 'targets -set -filter {jtag_cable_name =~ "Digilent Zed 210248764166" && level==0 && jtag_device_ctx=="jsn-Zed-210248764166-23727093-0"}' command is executed.
11:59:47 INFO  : Device configured successfully with "D:/ASUS-PC/Desktop/temporary/Mini_ctrl_brd_zynq/Vitis/Mini_ctrl_brd_zynq/_ide/bitstream/system_wrapper.bit"
11:59:47 INFO  : Context for 'APU' is selected.
11:59:48 INFO  : Hardware design and registers information is loaded from 'D:/ASUS-PC/Desktop/temporary/Vivado2021/Mini_ctrl_brd_zynq/Vitis/system_wrapper/export/system_wrapper/hw/system_wrapper.xsa'.
11:59:48 INFO  : 'configparams force-mem-access 1' command is executed.
11:59:48 INFO  : Context for 'APU' is selected.
11:59:48 INFO  : Sourcing of 'D:/ASUS-PC/Desktop/temporary/Mini_ctrl_brd_zynq/Vitis/Mini_ctrl_brd_zynq/_ide/psinit/ps7_init.tcl' is done.
11:59:49 INFO  : 'ps7_init' command is executed.
11:59:49 INFO  : 'ps7_post_config' command is executed.
11:59:49 INFO  : Context for processor 'ps7_cortexa9_0' is selected.
11:59:49 INFO  : The application 'D:/ASUS-PC/Desktop/temporary/Mini_ctrl_brd_zynq/Vitis/Mini_ctrl_brd_zynq/Debug/Mini_ctrl_brd_zynq.elf' is downloaded to processor 'ps7_cortexa9_0'.
11:59:49 INFO  : 'configparams force-mem-access 0' command is executed.
11:59:49 INFO  : ----------------XSDB Script----------------
connect -url tcp:127.0.0.1:3121
targets -set -nocase -filter {name =~"APU*"}
rst -system
after 3000
targets -set -filter {jtag_cable_name =~ "Digilent Zed 210248764166" && level==0 && jtag_device_ctx=="jsn-Zed-210248764166-23727093-0"}
fpga -file D:/ASUS-PC/Desktop/temporary/Mini_ctrl_brd_zynq/Vitis/Mini_ctrl_brd_zynq/_ide/bitstream/system_wrapper.bit
targets -set -nocase -filter {name =~"APU*"}
loadhw -hw D:/ASUS-PC/Desktop/temporary/Vivado2021/Mini_ctrl_brd_zynq/Vitis/system_wrapper/export/system_wrapper/hw/system_wrapper.xsa -mem-ranges [list {0x40000000 0xbfffffff}] -regs
configparams force-mem-access 1
targets -set -nocase -filter {name =~"APU*"}
source D:/ASUS-PC/Desktop/temporary/Mini_ctrl_brd_zynq/Vitis/Mini_ctrl_brd_zynq/_ide/psinit/ps7_init.tcl
ps7_init
ps7_post_config
targets -set -nocase -filter {name =~ "*A9*#0"}
dow D:/ASUS-PC/Desktop/temporary/Mini_ctrl_brd_zynq/Vitis/Mini_ctrl_brd_zynq/Debug/Mini_ctrl_brd_zynq.elf
configparams force-mem-access 0
----------------End of Script----------------

11:59:49 INFO  : Context for processor 'ps7_cortexa9_0' is selected.
11:59:49 INFO  : 'con' command is executed.
11:59:49 INFO  : ----------------XSDB Script (After Launch)----------------
targets -set -nocase -filter {name =~ "*A9*#0"}
con
----------------End of Script----------------

11:59:49 INFO  : Launch script is exported to file 'D:\ASUS-PC\Desktop\temporary\Mini_ctrl_brd_zynq\Vitis\Mini_ctrl_brd_zynq_system\_ide\scripts\debugger_mini_ctrl_brd_zynq-default.tcl'
11:59:56 INFO  : Checking for BSP changes to sync application flags for project 'Mini_ctrl_brd_zynq'...
12:00:02 INFO  : Disconnected from the channel tcfchan#2.
12:00:03 INFO  : Connected to target on host '127.0.0.1' and port '3121'.
12:00:03 INFO  : Jtag cable 'Digilent Zed 210248764166' is selected.
12:00:03 INFO  : 'jtag frequency' command is executed.
12:00:03 INFO  : Context for 'APU' is selected.
12:00:03 INFO  : System reset is completed.
12:00:06 INFO  : 'after 3000' command is executed.
12:00:06 INFO  : 'targets -set -filter {jtag_cable_name =~ "Digilent Zed 210248764166" && level==0 && jtag_device_ctx=="jsn-Zed-210248764166-23727093-0"}' command is executed.
12:00:08 INFO  : Device configured successfully with "D:/ASUS-PC/Desktop/temporary/Mini_ctrl_brd_zynq/Vitis/Mini_ctrl_brd_zynq/_ide/bitstream/system_wrapper.bit"
12:00:08 INFO  : Context for 'APU' is selected.
12:00:09 INFO  : Hardware design and registers information is loaded from 'D:/ASUS-PC/Desktop/temporary/Vivado2021/Mini_ctrl_brd_zynq/Vitis/system_wrapper/export/system_wrapper/hw/system_wrapper.xsa'.
12:00:09 INFO  : 'configparams force-mem-access 1' command is executed.
12:00:09 INFO  : Context for 'APU' is selected.
12:00:09 INFO  : Sourcing of 'D:/ASUS-PC/Desktop/temporary/Mini_ctrl_brd_zynq/Vitis/Mini_ctrl_brd_zynq/_ide/psinit/ps7_init.tcl' is done.
12:00:09 INFO  : 'ps7_init' command is executed.
12:00:09 INFO  : 'ps7_post_config' command is executed.
12:00:09 INFO  : Context for processor 'ps7_cortexa9_0' is selected.
12:00:10 INFO  : The application 'D:/ASUS-PC/Desktop/temporary/Mini_ctrl_brd_zynq/Vitis/Mini_ctrl_brd_zynq/Debug/Mini_ctrl_brd_zynq.elf' is downloaded to processor 'ps7_cortexa9_0'.
12:00:10 INFO  : 'configparams force-mem-access 0' command is executed.
12:00:10 INFO  : ----------------XSDB Script----------------
connect -url tcp:127.0.0.1:3121
targets -set -nocase -filter {name =~"APU*"}
rst -system
after 3000
targets -set -filter {jtag_cable_name =~ "Digilent Zed 210248764166" && level==0 && jtag_device_ctx=="jsn-Zed-210248764166-23727093-0"}
fpga -file D:/ASUS-PC/Desktop/temporary/Mini_ctrl_brd_zynq/Vitis/Mini_ctrl_brd_zynq/_ide/bitstream/system_wrapper.bit
targets -set -nocase -filter {name =~"APU*"}
loadhw -hw D:/ASUS-PC/Desktop/temporary/Vivado2021/Mini_ctrl_brd_zynq/Vitis/system_wrapper/export/system_wrapper/hw/system_wrapper.xsa -mem-ranges [list {0x40000000 0xbfffffff}] -regs
configparams force-mem-access 1
targets -set -nocase -filter {name =~"APU*"}
source D:/ASUS-PC/Desktop/temporary/Mini_ctrl_brd_zynq/Vitis/Mini_ctrl_brd_zynq/_ide/psinit/ps7_init.tcl
ps7_init
ps7_post_config
targets -set -nocase -filter {name =~ "*A9*#0"}
dow D:/ASUS-PC/Desktop/temporary/Mini_ctrl_brd_zynq/Vitis/Mini_ctrl_brd_zynq/Debug/Mini_ctrl_brd_zynq.elf
configparams force-mem-access 0
----------------End of Script----------------

12:00:10 INFO  : Context for processor 'ps7_cortexa9_0' is selected.
12:00:10 INFO  : 'con' command is executed.
12:00:10 INFO  : ----------------XSDB Script (After Launch)----------------
targets -set -nocase -filter {name =~ "*A9*#0"}
con
----------------End of Script----------------

12:00:10 INFO  : Launch script is exported to file 'D:\ASUS-PC\Desktop\temporary\Mini_ctrl_brd_zynq\Vitis\Mini_ctrl_brd_zynq_system\_ide\scripts\debugger_mini_ctrl_brd_zynq-default.tcl'
12:01:20 INFO  : Checking for BSP changes to sync application flags for project 'Mini_ctrl_brd_zynq'...
12:01:30 INFO  : Disconnected from the channel tcfchan#3.
12:01:31 INFO  : Connected to target on host '127.0.0.1' and port '3121'.
12:01:31 INFO  : Jtag cable 'Digilent Zed 210248764166' is selected.
12:01:31 INFO  : 'jtag frequency' command is executed.
12:01:31 INFO  : Context for 'APU' is selected.
12:01:31 INFO  : System reset is completed.
12:01:34 INFO  : 'after 3000' command is executed.
12:01:34 INFO  : 'targets -set -filter {jtag_cable_name =~ "Digilent Zed 210248764166" && level==0 && jtag_device_ctx=="jsn-Zed-210248764166-23727093-0"}' command is executed.
12:01:36 INFO  : Device configured successfully with "D:/ASUS-PC/Desktop/temporary/Mini_ctrl_brd_zynq/Vitis/Mini_ctrl_brd_zynq/_ide/bitstream/system_wrapper.bit"
12:01:36 INFO  : Context for 'APU' is selected.
12:01:37 INFO  : Hardware design and registers information is loaded from 'D:/ASUS-PC/Desktop/temporary/Vivado2021/Mini_ctrl_brd_zynq/Vitis/system_wrapper/export/system_wrapper/hw/system_wrapper.xsa'.
12:01:37 INFO  : 'configparams force-mem-access 1' command is executed.
12:01:37 INFO  : Context for 'APU' is selected.
12:01:37 INFO  : Sourcing of 'D:/ASUS-PC/Desktop/temporary/Mini_ctrl_brd_zynq/Vitis/Mini_ctrl_brd_zynq/_ide/psinit/ps7_init.tcl' is done.
12:01:38 INFO  : 'ps7_init' command is executed.
12:01:38 INFO  : 'ps7_post_config' command is executed.
12:01:38 INFO  : Context for processor 'ps7_cortexa9_0' is selected.
12:01:38 INFO  : The application 'D:/ASUS-PC/Desktop/temporary/Mini_ctrl_brd_zynq/Vitis/Mini_ctrl_brd_zynq/Debug/Mini_ctrl_brd_zynq.elf' is downloaded to processor 'ps7_cortexa9_0'.
12:01:38 INFO  : 'configparams force-mem-access 0' command is executed.
12:01:38 INFO  : ----------------XSDB Script----------------
connect -url tcp:127.0.0.1:3121
targets -set -nocase -filter {name =~"APU*"}
rst -system
after 3000
targets -set -filter {jtag_cable_name =~ "Digilent Zed 210248764166" && level==0 && jtag_device_ctx=="jsn-Zed-210248764166-23727093-0"}
fpga -file D:/ASUS-PC/Desktop/temporary/Mini_ctrl_brd_zynq/Vitis/Mini_ctrl_brd_zynq/_ide/bitstream/system_wrapper.bit
targets -set -nocase -filter {name =~"APU*"}
loadhw -hw D:/ASUS-PC/Desktop/temporary/Vivado2021/Mini_ctrl_brd_zynq/Vitis/system_wrapper/export/system_wrapper/hw/system_wrapper.xsa -mem-ranges [list {0x40000000 0xbfffffff}] -regs
configparams force-mem-access 1
targets -set -nocase -filter {name =~"APU*"}
source D:/ASUS-PC/Desktop/temporary/Mini_ctrl_brd_zynq/Vitis/Mini_ctrl_brd_zynq/_ide/psinit/ps7_init.tcl
ps7_init
ps7_post_config
targets -set -nocase -filter {name =~ "*A9*#0"}
dow D:/ASUS-PC/Desktop/temporary/Mini_ctrl_brd_zynq/Vitis/Mini_ctrl_brd_zynq/Debug/Mini_ctrl_brd_zynq.elf
configparams force-mem-access 0
----------------End of Script----------------

12:01:38 INFO  : Context for processor 'ps7_cortexa9_0' is selected.
12:01:38 INFO  : 'con' command is executed.
12:01:38 INFO  : ----------------XSDB Script (After Launch)----------------
targets -set -nocase -filter {name =~ "*A9*#0"}
con
----------------End of Script----------------

12:01:38 INFO  : Launch script is exported to file 'D:\ASUS-PC\Desktop\temporary\Mini_ctrl_brd_zynq\Vitis\Mini_ctrl_brd_zynq_system\_ide\scripts\debugger_mini_ctrl_brd_zynq-default.tcl'
12:03:25 INFO  : Checking for BSP changes to sync application flags for project 'Mini_ctrl_brd_zynq'...
12:03:34 INFO  : Disconnected from the channel tcfchan#4.
12:03:35 INFO  : Connected to target on host '127.0.0.1' and port '3121'.
12:03:35 INFO  : Jtag cable 'Digilent Zed 210248764166' is selected.
12:03:35 INFO  : 'jtag frequency' command is executed.
12:03:35 INFO  : Context for 'APU' is selected.
12:03:36 INFO  : System reset is completed.
12:03:39 INFO  : 'after 3000' command is executed.
12:03:39 INFO  : 'targets -set -filter {jtag_cable_name =~ "Digilent Zed 210248764166" && level==0 && jtag_device_ctx=="jsn-Zed-210248764166-23727093-0"}' command is executed.
12:03:41 INFO  : Device configured successfully with "D:/ASUS-PC/Desktop/temporary/Mini_ctrl_brd_zynq/Vitis/Mini_ctrl_brd_zynq/_ide/bitstream/system_wrapper.bit"
12:03:41 INFO  : Context for 'APU' is selected.
12:03:42 INFO  : Hardware design and registers information is loaded from 'D:/ASUS-PC/Desktop/temporary/Vivado2021/Mini_ctrl_brd_zynq/Vitis/system_wrapper/export/system_wrapper/hw/system_wrapper.xsa'.
12:03:42 INFO  : 'configparams force-mem-access 1' command is executed.
12:03:42 INFO  : Context for 'APU' is selected.
12:03:42 INFO  : Sourcing of 'D:/ASUS-PC/Desktop/temporary/Mini_ctrl_brd_zynq/Vitis/Mini_ctrl_brd_zynq/_ide/psinit/ps7_init.tcl' is done.
12:03:42 INFO  : 'ps7_init' command is executed.
12:03:42 INFO  : 'ps7_post_config' command is executed.
12:03:42 INFO  : Context for processor 'ps7_cortexa9_0' is selected.
12:03:43 INFO  : The application 'D:/ASUS-PC/Desktop/temporary/Mini_ctrl_brd_zynq/Vitis/Mini_ctrl_brd_zynq/Debug/Mini_ctrl_brd_zynq.elf' is downloaded to processor 'ps7_cortexa9_0'.
12:03:43 INFO  : 'configparams force-mem-access 0' command is executed.
12:03:43 INFO  : ----------------XSDB Script----------------
connect -url tcp:127.0.0.1:3121
targets -set -nocase -filter {name =~"APU*"}
rst -system
after 3000
targets -set -filter {jtag_cable_name =~ "Digilent Zed 210248764166" && level==0 && jtag_device_ctx=="jsn-Zed-210248764166-23727093-0"}
fpga -file D:/ASUS-PC/Desktop/temporary/Mini_ctrl_brd_zynq/Vitis/Mini_ctrl_brd_zynq/_ide/bitstream/system_wrapper.bit
targets -set -nocase -filter {name =~"APU*"}
loadhw -hw D:/ASUS-PC/Desktop/temporary/Vivado2021/Mini_ctrl_brd_zynq/Vitis/system_wrapper/export/system_wrapper/hw/system_wrapper.xsa -mem-ranges [list {0x40000000 0xbfffffff}] -regs
configparams force-mem-access 1
targets -set -nocase -filter {name =~"APU*"}
source D:/ASUS-PC/Desktop/temporary/Mini_ctrl_brd_zynq/Vitis/Mini_ctrl_brd_zynq/_ide/psinit/ps7_init.tcl
ps7_init
ps7_post_config
targets -set -nocase -filter {name =~ "*A9*#0"}
dow D:/ASUS-PC/Desktop/temporary/Mini_ctrl_brd_zynq/Vitis/Mini_ctrl_brd_zynq/Debug/Mini_ctrl_brd_zynq.elf
configparams force-mem-access 0
----------------End of Script----------------

12:03:43 INFO  : Context for processor 'ps7_cortexa9_0' is selected.
12:03:43 INFO  : 'con' command is executed.
12:03:43 INFO  : ----------------XSDB Script (After Launch)----------------
targets -set -nocase -filter {name =~ "*A9*#0"}
con
----------------End of Script----------------

12:03:43 INFO  : Launch script is exported to file 'D:\ASUS-PC\Desktop\temporary\Mini_ctrl_brd_zynq\Vitis\Mini_ctrl_brd_zynq_system\_ide\scripts\debugger_mini_ctrl_brd_zynq-default.tcl'
12:11:30 INFO  : Checking for BSP changes to sync application flags for project 'Mini_ctrl_brd_zynq'...
12:11:46 INFO  : Disconnected from the channel tcfchan#5.
12:11:47 INFO  : Connected to target on host '127.0.0.1' and port '3121'.
12:11:47 INFO  : Jtag cable 'Digilent Zed 210248764166' is selected.
12:11:47 INFO  : 'jtag frequency' command is executed.
12:11:47 INFO  : Context for 'APU' is selected.
12:11:47 INFO  : System reset is completed.
12:11:50 INFO  : 'after 3000' command is executed.
12:11:50 INFO  : 'targets -set -filter {jtag_cable_name =~ "Digilent Zed 210248764166" && level==0 && jtag_device_ctx=="jsn-Zed-210248764166-23727093-0"}' command is executed.
12:11:52 INFO  : Device configured successfully with "D:/ASUS-PC/Desktop/temporary/Mini_ctrl_brd_zynq/Vitis/Mini_ctrl_brd_zynq/_ide/bitstream/system_wrapper.bit"
12:11:52 INFO  : Context for 'APU' is selected.
12:11:53 INFO  : Hardware design and registers information is loaded from 'D:/ASUS-PC/Desktop/temporary/Vivado2021/Mini_ctrl_brd_zynq/Vitis/system_wrapper/export/system_wrapper/hw/system_wrapper.xsa'.
12:11:53 INFO  : 'configparams force-mem-access 1' command is executed.
12:11:53 INFO  : Context for 'APU' is selected.
12:11:53 INFO  : Sourcing of 'D:/ASUS-PC/Desktop/temporary/Mini_ctrl_brd_zynq/Vitis/Mini_ctrl_brd_zynq/_ide/psinit/ps7_init.tcl' is done.
12:11:54 INFO  : 'ps7_init' command is executed.
12:11:54 INFO  : 'ps7_post_config' command is executed.
12:11:54 INFO  : Context for processor 'ps7_cortexa9_0' is selected.
12:11:54 INFO  : The application 'D:/ASUS-PC/Desktop/temporary/Mini_ctrl_brd_zynq/Vitis/Mini_ctrl_brd_zynq/Debug/Mini_ctrl_brd_zynq.elf' is downloaded to processor 'ps7_cortexa9_0'.
12:11:54 INFO  : 'configparams force-mem-access 0' command is executed.
12:11:54 INFO  : ----------------XSDB Script----------------
connect -url tcp:127.0.0.1:3121
targets -set -nocase -filter {name =~"APU*"}
rst -system
after 3000
targets -set -filter {jtag_cable_name =~ "Digilent Zed 210248764166" && level==0 && jtag_device_ctx=="jsn-Zed-210248764166-23727093-0"}
fpga -file D:/ASUS-PC/Desktop/temporary/Mini_ctrl_brd_zynq/Vitis/Mini_ctrl_brd_zynq/_ide/bitstream/system_wrapper.bit
targets -set -nocase -filter {name =~"APU*"}
loadhw -hw D:/ASUS-PC/Desktop/temporary/Vivado2021/Mini_ctrl_brd_zynq/Vitis/system_wrapper/export/system_wrapper/hw/system_wrapper.xsa -mem-ranges [list {0x40000000 0xbfffffff}] -regs
configparams force-mem-access 1
targets -set -nocase -filter {name =~"APU*"}
source D:/ASUS-PC/Desktop/temporary/Mini_ctrl_brd_zynq/Vitis/Mini_ctrl_brd_zynq/_ide/psinit/ps7_init.tcl
ps7_init
ps7_post_config
targets -set -nocase -filter {name =~ "*A9*#0"}
dow D:/ASUS-PC/Desktop/temporary/Mini_ctrl_brd_zynq/Vitis/Mini_ctrl_brd_zynq/Debug/Mini_ctrl_brd_zynq.elf
configparams force-mem-access 0
----------------End of Script----------------

12:11:54 INFO  : Context for processor 'ps7_cortexa9_0' is selected.
12:11:55 INFO  : 'con' command is executed.
12:11:55 INFO  : ----------------XSDB Script (After Launch)----------------
targets -set -nocase -filter {name =~ "*A9*#0"}
con
----------------End of Script----------------

12:11:55 INFO  : Launch script is exported to file 'D:\ASUS-PC\Desktop\temporary\Mini_ctrl_brd_zynq\Vitis\Mini_ctrl_brd_zynq_system\_ide\scripts\debugger_mini_ctrl_brd_zynq-default.tcl'
12:14:28 INFO  : Checking for BSP changes to sync application flags for project 'Mini_ctrl_brd_zynq'...
12:14:37 INFO  : Disconnected from the channel tcfchan#6.
12:14:38 INFO  : Connected to target on host '127.0.0.1' and port '3121'.
12:14:38 INFO  : Jtag cable 'Digilent Zed 210248764166' is selected.
12:14:38 INFO  : 'jtag frequency' command is executed.
12:14:38 INFO  : Context for 'APU' is selected.
12:14:39 INFO  : System reset is completed.
12:14:42 INFO  : 'after 3000' command is executed.
12:14:42 INFO  : 'targets -set -filter {jtag_cable_name =~ "Digilent Zed 210248764166" && level==0 && jtag_device_ctx=="jsn-Zed-210248764166-23727093-0"}' command is executed.
12:14:44 INFO  : Device configured successfully with "D:/ASUS-PC/Desktop/temporary/Mini_ctrl_brd_zynq/Vitis/Mini_ctrl_brd_zynq/_ide/bitstream/system_wrapper.bit"
12:14:44 INFO  : Context for 'APU' is selected.
12:14:45 INFO  : Hardware design and registers information is loaded from 'D:/ASUS-PC/Desktop/temporary/Vivado2021/Mini_ctrl_brd_zynq/Vitis/system_wrapper/export/system_wrapper/hw/system_wrapper.xsa'.
12:14:45 INFO  : 'configparams force-mem-access 1' command is executed.
12:14:45 INFO  : Context for 'APU' is selected.
12:14:45 INFO  : Sourcing of 'D:/ASUS-PC/Desktop/temporary/Mini_ctrl_brd_zynq/Vitis/Mini_ctrl_brd_zynq/_ide/psinit/ps7_init.tcl' is done.
12:14:45 INFO  : 'ps7_init' command is executed.
12:14:45 INFO  : 'ps7_post_config' command is executed.
12:14:45 INFO  : Context for processor 'ps7_cortexa9_0' is selected.
12:14:46 INFO  : The application 'D:/ASUS-PC/Desktop/temporary/Mini_ctrl_brd_zynq/Vitis/Mini_ctrl_brd_zynq/Debug/Mini_ctrl_brd_zynq.elf' is downloaded to processor 'ps7_cortexa9_0'.
12:14:46 INFO  : 'configparams force-mem-access 0' command is executed.
12:14:46 INFO  : ----------------XSDB Script----------------
connect -url tcp:127.0.0.1:3121
targets -set -nocase -filter {name =~"APU*"}
rst -system
after 3000
targets -set -filter {jtag_cable_name =~ "Digilent Zed 210248764166" && level==0 && jtag_device_ctx=="jsn-Zed-210248764166-23727093-0"}
fpga -file D:/ASUS-PC/Desktop/temporary/Mini_ctrl_brd_zynq/Vitis/Mini_ctrl_brd_zynq/_ide/bitstream/system_wrapper.bit
targets -set -nocase -filter {name =~"APU*"}
loadhw -hw D:/ASUS-PC/Desktop/temporary/Vivado2021/Mini_ctrl_brd_zynq/Vitis/system_wrapper/export/system_wrapper/hw/system_wrapper.xsa -mem-ranges [list {0x40000000 0xbfffffff}] -regs
configparams force-mem-access 1
targets -set -nocase -filter {name =~"APU*"}
source D:/ASUS-PC/Desktop/temporary/Mini_ctrl_brd_zynq/Vitis/Mini_ctrl_brd_zynq/_ide/psinit/ps7_init.tcl
ps7_init
ps7_post_config
targets -set -nocase -filter {name =~ "*A9*#0"}
dow D:/ASUS-PC/Desktop/temporary/Mini_ctrl_brd_zynq/Vitis/Mini_ctrl_brd_zynq/Debug/Mini_ctrl_brd_zynq.elf
configparams force-mem-access 0
----------------End of Script----------------

12:14:46 INFO  : Context for processor 'ps7_cortexa9_0' is selected.
12:14:46 INFO  : 'con' command is executed.
12:14:46 INFO  : ----------------XSDB Script (After Launch)----------------
targets -set -nocase -filter {name =~ "*A9*#0"}
con
----------------End of Script----------------

12:14:46 INFO  : Launch script is exported to file 'D:\ASUS-PC\Desktop\temporary\Mini_ctrl_brd_zynq\Vitis\Mini_ctrl_brd_zynq_system\_ide\scripts\debugger_mini_ctrl_brd_zynq-default.tcl'
12:19:26 INFO  : Checking for BSP changes to sync application flags for project 'Mini_ctrl_brd_zynq'...
12:19:30 INFO  : Disconnected from the channel tcfchan#7.
12:19:31 INFO  : Connected to target on host '127.0.0.1' and port '3121'.
12:19:31 INFO  : Jtag cable 'Digilent Zed 210248764166' is selected.
12:19:31 INFO  : 'jtag frequency' command is executed.
12:19:31 INFO  : Context for 'APU' is selected.
12:19:32 INFO  : System reset is completed.
12:19:35 INFO  : 'after 3000' command is executed.
12:19:35 INFO  : 'targets -set -filter {jtag_cable_name =~ "Digilent Zed 210248764166" && level==0 && jtag_device_ctx=="jsn-Zed-210248764166-23727093-0"}' command is executed.
12:19:37 INFO  : Device configured successfully with "D:/ASUS-PC/Desktop/temporary/Mini_ctrl_brd_zynq/Vitis/Mini_ctrl_brd_zynq/_ide/bitstream/system_wrapper.bit"
12:19:37 INFO  : Context for 'APU' is selected.
12:19:38 INFO  : Hardware design and registers information is loaded from 'D:/ASUS-PC/Desktop/temporary/Vivado2021/Mini_ctrl_brd_zynq/Vitis/system_wrapper/export/system_wrapper/hw/system_wrapper.xsa'.
12:19:38 INFO  : 'configparams force-mem-access 1' command is executed.
12:19:38 INFO  : Context for 'APU' is selected.
12:19:38 INFO  : Sourcing of 'D:/ASUS-PC/Desktop/temporary/Mini_ctrl_brd_zynq/Vitis/Mini_ctrl_brd_zynq/_ide/psinit/ps7_init.tcl' is done.
12:19:38 INFO  : 'ps7_init' command is executed.
12:19:38 INFO  : 'ps7_post_config' command is executed.
12:19:38 INFO  : Context for processor 'ps7_cortexa9_0' is selected.
12:19:39 INFO  : The application 'D:/ASUS-PC/Desktop/temporary/Mini_ctrl_brd_zynq/Vitis/Mini_ctrl_brd_zynq/Debug/Mini_ctrl_brd_zynq.elf' is downloaded to processor 'ps7_cortexa9_0'.
12:19:39 INFO  : 'configparams force-mem-access 0' command is executed.
12:19:39 INFO  : ----------------XSDB Script----------------
connect -url tcp:127.0.0.1:3121
targets -set -nocase -filter {name =~"APU*"}
rst -system
after 3000
targets -set -filter {jtag_cable_name =~ "Digilent Zed 210248764166" && level==0 && jtag_device_ctx=="jsn-Zed-210248764166-23727093-0"}
fpga -file D:/ASUS-PC/Desktop/temporary/Mini_ctrl_brd_zynq/Vitis/Mini_ctrl_brd_zynq/_ide/bitstream/system_wrapper.bit
targets -set -nocase -filter {name =~"APU*"}
loadhw -hw D:/ASUS-PC/Desktop/temporary/Vivado2021/Mini_ctrl_brd_zynq/Vitis/system_wrapper/export/system_wrapper/hw/system_wrapper.xsa -mem-ranges [list {0x40000000 0xbfffffff}] -regs
configparams force-mem-access 1
targets -set -nocase -filter {name =~"APU*"}
source D:/ASUS-PC/Desktop/temporary/Mini_ctrl_brd_zynq/Vitis/Mini_ctrl_brd_zynq/_ide/psinit/ps7_init.tcl
ps7_init
ps7_post_config
targets -set -nocase -filter {name =~ "*A9*#0"}
dow D:/ASUS-PC/Desktop/temporary/Mini_ctrl_brd_zynq/Vitis/Mini_ctrl_brd_zynq/Debug/Mini_ctrl_brd_zynq.elf
configparams force-mem-access 0
----------------End of Script----------------

12:19:39 INFO  : Context for processor 'ps7_cortexa9_0' is selected.
12:19:39 INFO  : 'con' command is executed.
12:19:39 INFO  : ----------------XSDB Script (After Launch)----------------
targets -set -nocase -filter {name =~ "*A9*#0"}
con
----------------End of Script----------------

12:19:39 INFO  : Launch script is exported to file 'D:\ASUS-PC\Desktop\temporary\Mini_ctrl_brd_zynq\Vitis\Mini_ctrl_brd_zynq_system\_ide\scripts\debugger_mini_ctrl_brd_zynq-default.tcl'
12:26:33 INFO  : Checking for BSP changes to sync application flags for project 'Mini_ctrl_brd_zynq'...
12:26:43 INFO  : Disconnected from the channel tcfchan#8.
12:26:44 INFO  : Connected to target on host '127.0.0.1' and port '3121'.
12:26:44 INFO  : Jtag cable 'Digilent Zed 210248764166' is selected.
12:26:44 INFO  : 'jtag frequency' command is executed.
12:26:44 INFO  : Context for 'APU' is selected.
12:26:44 INFO  : System reset is completed.
12:26:47 INFO  : 'after 3000' command is executed.
12:26:47 INFO  : 'targets -set -filter {jtag_cable_name =~ "Digilent Zed 210248764166" && level==0 && jtag_device_ctx=="jsn-Zed-210248764166-23727093-0"}' command is executed.
12:26:49 INFO  : Device configured successfully with "D:/ASUS-PC/Desktop/temporary/Mini_ctrl_brd_zynq/Vitis/Mini_ctrl_brd_zynq/_ide/bitstream/system_wrapper.bit"
12:26:49 INFO  : Context for 'APU' is selected.
12:26:50 INFO  : Hardware design and registers information is loaded from 'D:/ASUS-PC/Desktop/temporary/Vivado2021/Mini_ctrl_brd_zynq/Vitis/system_wrapper/export/system_wrapper/hw/system_wrapper.xsa'.
12:26:50 INFO  : 'configparams force-mem-access 1' command is executed.
12:26:50 INFO  : Context for 'APU' is selected.
12:26:50 INFO  : Sourcing of 'D:/ASUS-PC/Desktop/temporary/Mini_ctrl_brd_zynq/Vitis/Mini_ctrl_brd_zynq/_ide/psinit/ps7_init.tcl' is done.
12:26:51 INFO  : 'ps7_init' command is executed.
12:26:51 INFO  : 'ps7_post_config' command is executed.
12:26:51 INFO  : Context for processor 'ps7_cortexa9_0' is selected.
12:26:51 INFO  : The application 'D:/ASUS-PC/Desktop/temporary/Mini_ctrl_brd_zynq/Vitis/Mini_ctrl_brd_zynq/Debug/Mini_ctrl_brd_zynq.elf' is downloaded to processor 'ps7_cortexa9_0'.
12:26:51 INFO  : 'configparams force-mem-access 0' command is executed.
12:26:51 INFO  : ----------------XSDB Script----------------
connect -url tcp:127.0.0.1:3121
targets -set -nocase -filter {name =~"APU*"}
rst -system
after 3000
targets -set -filter {jtag_cable_name =~ "Digilent Zed 210248764166" && level==0 && jtag_device_ctx=="jsn-Zed-210248764166-23727093-0"}
fpga -file D:/ASUS-PC/Desktop/temporary/Mini_ctrl_brd_zynq/Vitis/Mini_ctrl_brd_zynq/_ide/bitstream/system_wrapper.bit
targets -set -nocase -filter {name =~"APU*"}
loadhw -hw D:/ASUS-PC/Desktop/temporary/Vivado2021/Mini_ctrl_brd_zynq/Vitis/system_wrapper/export/system_wrapper/hw/system_wrapper.xsa -mem-ranges [list {0x40000000 0xbfffffff}] -regs
configparams force-mem-access 1
targets -set -nocase -filter {name =~"APU*"}
source D:/ASUS-PC/Desktop/temporary/Mini_ctrl_brd_zynq/Vitis/Mini_ctrl_brd_zynq/_ide/psinit/ps7_init.tcl
ps7_init
ps7_post_config
targets -set -nocase -filter {name =~ "*A9*#0"}
dow D:/ASUS-PC/Desktop/temporary/Mini_ctrl_brd_zynq/Vitis/Mini_ctrl_brd_zynq/Debug/Mini_ctrl_brd_zynq.elf
configparams force-mem-access 0
----------------End of Script----------------

12:26:51 INFO  : Context for processor 'ps7_cortexa9_0' is selected.
12:26:51 INFO  : 'con' command is executed.
12:26:51 INFO  : ----------------XSDB Script (After Launch)----------------
targets -set -nocase -filter {name =~ "*A9*#0"}
con
----------------End of Script----------------

12:26:51 INFO  : Launch script is exported to file 'D:\ASUS-PC\Desktop\temporary\Mini_ctrl_brd_zynq\Vitis\Mini_ctrl_brd_zynq_system\_ide\scripts\debugger_mini_ctrl_brd_zynq-default.tcl'
12:47:19 INFO  : Checking for BSP changes to sync application flags for project 'Mini_ctrl_brd_zynq'...
12:47:24 INFO  : Disconnected from the channel tcfchan#9.
12:47:25 INFO  : Connected to target on host '127.0.0.1' and port '3121'.
12:47:25 INFO  : Jtag cable 'Digilent Zed 210248764166' is selected.
12:47:25 INFO  : 'jtag frequency' command is executed.
12:47:25 INFO  : Context for 'APU' is selected.
12:47:25 INFO  : System reset is completed.
12:47:28 INFO  : 'after 3000' command is executed.
12:47:28 INFO  : 'targets -set -filter {jtag_cable_name =~ "Digilent Zed 210248764166" && level==0 && jtag_device_ctx=="jsn-Zed-210248764166-23727093-0"}' command is executed.
12:47:31 INFO  : Device configured successfully with "D:/ASUS-PC/Desktop/temporary/Mini_ctrl_brd_zynq/Vitis/Mini_ctrl_brd_zynq/_ide/bitstream/system_wrapper.bit"
12:47:31 INFO  : Context for 'APU' is selected.
12:47:31 INFO  : Hardware design and registers information is loaded from 'D:/ASUS-PC/Desktop/temporary/Vivado2021/Mini_ctrl_brd_zynq/Vitis/system_wrapper/export/system_wrapper/hw/system_wrapper.xsa'.
12:47:31 INFO  : 'configparams force-mem-access 1' command is executed.
12:47:31 INFO  : Context for 'APU' is selected.
12:47:31 INFO  : Sourcing of 'D:/ASUS-PC/Desktop/temporary/Mini_ctrl_brd_zynq/Vitis/Mini_ctrl_brd_zynq/_ide/psinit/ps7_init.tcl' is done.
12:47:32 INFO  : 'ps7_init' command is executed.
12:47:32 INFO  : 'ps7_post_config' command is executed.
12:47:32 INFO  : Context for processor 'ps7_cortexa9_0' is selected.
12:47:32 INFO  : The application 'D:/ASUS-PC/Desktop/temporary/Mini_ctrl_brd_zynq/Vitis/Mini_ctrl_brd_zynq/Debug/Mini_ctrl_brd_zynq.elf' is downloaded to processor 'ps7_cortexa9_0'.
12:47:32 INFO  : 'configparams force-mem-access 0' command is executed.
12:47:32 INFO  : ----------------XSDB Script----------------
connect -url tcp:127.0.0.1:3121
targets -set -nocase -filter {name =~"APU*"}
rst -system
after 3000
targets -set -filter {jtag_cable_name =~ "Digilent Zed 210248764166" && level==0 && jtag_device_ctx=="jsn-Zed-210248764166-23727093-0"}
fpga -file D:/ASUS-PC/Desktop/temporary/Mini_ctrl_brd_zynq/Vitis/Mini_ctrl_brd_zynq/_ide/bitstream/system_wrapper.bit
targets -set -nocase -filter {name =~"APU*"}
loadhw -hw D:/ASUS-PC/Desktop/temporary/Vivado2021/Mini_ctrl_brd_zynq/Vitis/system_wrapper/export/system_wrapper/hw/system_wrapper.xsa -mem-ranges [list {0x40000000 0xbfffffff}] -regs
configparams force-mem-access 1
targets -set -nocase -filter {name =~"APU*"}
source D:/ASUS-PC/Desktop/temporary/Mini_ctrl_brd_zynq/Vitis/Mini_ctrl_brd_zynq/_ide/psinit/ps7_init.tcl
ps7_init
ps7_post_config
targets -set -nocase -filter {name =~ "*A9*#0"}
dow D:/ASUS-PC/Desktop/temporary/Mini_ctrl_brd_zynq/Vitis/Mini_ctrl_brd_zynq/Debug/Mini_ctrl_brd_zynq.elf
configparams force-mem-access 0
----------------End of Script----------------

12:47:32 INFO  : Context for processor 'ps7_cortexa9_0' is selected.
12:47:32 INFO  : 'con' command is executed.
12:47:32 INFO  : ----------------XSDB Script (After Launch)----------------
targets -set -nocase -filter {name =~ "*A9*#0"}
con
----------------End of Script----------------

12:47:32 INFO  : Launch script is exported to file 'D:\ASUS-PC\Desktop\temporary\Mini_ctrl_brd_zynq\Vitis\Mini_ctrl_brd_zynq_system\_ide\scripts\debugger_mini_ctrl_brd_zynq-default.tcl'
12:50:08 INFO  : Disconnected from the channel tcfchan#10.
12:50:09 INFO  : Connected to target on host '127.0.0.1' and port '3121'.
12:50:09 INFO  : Jtag cable 'Digilent Zed 210248764166' is selected.
12:50:09 INFO  : 'jtag frequency' command is executed.
12:50:09 INFO  : Context for 'APU' is selected.
12:50:09 INFO  : System reset is completed.
12:50:12 INFO  : 'after 3000' command is executed.
12:50:12 INFO  : 'targets -set -filter {jtag_cable_name =~ "Digilent Zed 210248764166" && level==0 && jtag_device_ctx=="jsn-Zed-210248764166-23727093-0"}' command is executed.
12:50:14 INFO  : Device configured successfully with "D:/ASUS-PC/Desktop/temporary/Mini_ctrl_brd_zynq/Vitis/Mini_ctrl_brd_zynq/_ide/bitstream/system_wrapper.bit"
12:50:14 INFO  : Context for 'APU' is selected.
12:50:15 INFO  : Hardware design and registers information is loaded from 'D:/ASUS-PC/Desktop/temporary/Vivado2021/Mini_ctrl_brd_zynq/Vitis/system_wrapper/export/system_wrapper/hw/system_wrapper.xsa'.
12:50:15 INFO  : 'configparams force-mem-access 1' command is executed.
12:50:15 INFO  : Context for 'APU' is selected.
12:50:15 INFO  : Sourcing of 'D:/ASUS-PC/Desktop/temporary/Mini_ctrl_brd_zynq/Vitis/Mini_ctrl_brd_zynq/_ide/psinit/ps7_init.tcl' is done.
12:50:16 INFO  : 'ps7_init' command is executed.
12:50:16 INFO  : 'ps7_post_config' command is executed.
12:50:16 INFO  : Context for processor 'ps7_cortexa9_0' is selected.
12:50:16 INFO  : The application 'D:/ASUS-PC/Desktop/temporary/Mini_ctrl_brd_zynq/Vitis/Mini_ctrl_brd_zynq/Debug/Mini_ctrl_brd_zynq.elf' is downloaded to processor 'ps7_cortexa9_0'.
12:50:16 INFO  : 'configparams force-mem-access 0' command is executed.
12:50:16 INFO  : ----------------XSDB Script----------------
connect -url tcp:127.0.0.1:3121
targets -set -nocase -filter {name =~"APU*"}
rst -system
after 3000
targets -set -filter {jtag_cable_name =~ "Digilent Zed 210248764166" && level==0 && jtag_device_ctx=="jsn-Zed-210248764166-23727093-0"}
fpga -file D:/ASUS-PC/Desktop/temporary/Mini_ctrl_brd_zynq/Vitis/Mini_ctrl_brd_zynq/_ide/bitstream/system_wrapper.bit
targets -set -nocase -filter {name =~"APU*"}
loadhw -hw D:/ASUS-PC/Desktop/temporary/Vivado2021/Mini_ctrl_brd_zynq/Vitis/system_wrapper/export/system_wrapper/hw/system_wrapper.xsa -mem-ranges [list {0x40000000 0xbfffffff}] -regs
configparams force-mem-access 1
targets -set -nocase -filter {name =~"APU*"}
source D:/ASUS-PC/Desktop/temporary/Mini_ctrl_brd_zynq/Vitis/Mini_ctrl_brd_zynq/_ide/psinit/ps7_init.tcl
ps7_init
ps7_post_config
targets -set -nocase -filter {name =~ "*A9*#0"}
dow D:/ASUS-PC/Desktop/temporary/Mini_ctrl_brd_zynq/Vitis/Mini_ctrl_brd_zynq/Debug/Mini_ctrl_brd_zynq.elf
configparams force-mem-access 0
----------------End of Script----------------

12:50:16 INFO  : Context for processor 'ps7_cortexa9_0' is selected.
12:50:16 INFO  : 'con' command is executed.
12:50:16 INFO  : ----------------XSDB Script (After Launch)----------------
targets -set -nocase -filter {name =~ "*A9*#0"}
con
----------------End of Script----------------

12:50:16 INFO  : Launch script is exported to file 'D:\ASUS-PC\Desktop\temporary\Mini_ctrl_brd_zynq\Vitis\Mini_ctrl_brd_zynq_system\_ide\scripts\debugger_mini_ctrl_brd_zynq-default.tcl'
12:50:25 INFO  : Checking for BSP changes to sync application flags for project 'Mini_ctrl_brd_zynq'...
12:50:30 INFO  : Disconnected from the channel tcfchan#11.
12:50:31 INFO  : Connected to target on host '127.0.0.1' and port '3121'.
12:50:31 INFO  : Jtag cable 'Digilent Zed 210248764166' is selected.
12:50:31 INFO  : 'jtag frequency' command is executed.
12:50:31 INFO  : Context for 'APU' is selected.
12:50:31 INFO  : System reset is completed.
12:50:34 INFO  : 'after 3000' command is executed.
12:50:34 INFO  : 'targets -set -filter {jtag_cable_name =~ "Digilent Zed 210248764166" && level==0 && jtag_device_ctx=="jsn-Zed-210248764166-23727093-0"}' command is executed.
12:50:37 INFO  : Device configured successfully with "D:/ASUS-PC/Desktop/temporary/Mini_ctrl_brd_zynq/Vitis/Mini_ctrl_brd_zynq/_ide/bitstream/system_wrapper.bit"
12:50:37 INFO  : Context for 'APU' is selected.
12:50:38 INFO  : Hardware design and registers information is loaded from 'D:/ASUS-PC/Desktop/temporary/Vivado2021/Mini_ctrl_brd_zynq/Vitis/system_wrapper/export/system_wrapper/hw/system_wrapper.xsa'.
12:50:38 INFO  : 'configparams force-mem-access 1' command is executed.
12:50:38 INFO  : Context for 'APU' is selected.
12:50:38 INFO  : Sourcing of 'D:/ASUS-PC/Desktop/temporary/Mini_ctrl_brd_zynq/Vitis/Mini_ctrl_brd_zynq/_ide/psinit/ps7_init.tcl' is done.
12:50:38 INFO  : 'ps7_init' command is executed.
12:50:38 INFO  : 'ps7_post_config' command is executed.
12:50:38 INFO  : Context for processor 'ps7_cortexa9_0' is selected.
12:50:39 INFO  : The application 'D:/ASUS-PC/Desktop/temporary/Mini_ctrl_brd_zynq/Vitis/Mini_ctrl_brd_zynq/Debug/Mini_ctrl_brd_zynq.elf' is downloaded to processor 'ps7_cortexa9_0'.
12:50:39 INFO  : 'configparams force-mem-access 0' command is executed.
12:50:39 INFO  : ----------------XSDB Script----------------
connect -url tcp:127.0.0.1:3121
targets -set -nocase -filter {name =~"APU*"}
rst -system
after 3000
targets -set -filter {jtag_cable_name =~ "Digilent Zed 210248764166" && level==0 && jtag_device_ctx=="jsn-Zed-210248764166-23727093-0"}
fpga -file D:/ASUS-PC/Desktop/temporary/Mini_ctrl_brd_zynq/Vitis/Mini_ctrl_brd_zynq/_ide/bitstream/system_wrapper.bit
targets -set -nocase -filter {name =~"APU*"}
loadhw -hw D:/ASUS-PC/Desktop/temporary/Vivado2021/Mini_ctrl_brd_zynq/Vitis/system_wrapper/export/system_wrapper/hw/system_wrapper.xsa -mem-ranges [list {0x40000000 0xbfffffff}] -regs
configparams force-mem-access 1
targets -set -nocase -filter {name =~"APU*"}
source D:/ASUS-PC/Desktop/temporary/Mini_ctrl_brd_zynq/Vitis/Mini_ctrl_brd_zynq/_ide/psinit/ps7_init.tcl
ps7_init
ps7_post_config
targets -set -nocase -filter {name =~ "*A9*#0"}
dow D:/ASUS-PC/Desktop/temporary/Mini_ctrl_brd_zynq/Vitis/Mini_ctrl_brd_zynq/Debug/Mini_ctrl_brd_zynq.elf
configparams force-mem-access 0
----------------End of Script----------------

12:50:39 INFO  : Context for processor 'ps7_cortexa9_0' is selected.
12:50:39 INFO  : 'con' command is executed.
12:50:39 INFO  : ----------------XSDB Script (After Launch)----------------
targets -set -nocase -filter {name =~ "*A9*#0"}
con
----------------End of Script----------------

12:50:39 INFO  : Launch script is exported to file 'D:\ASUS-PC\Desktop\temporary\Mini_ctrl_brd_zynq\Vitis\Mini_ctrl_brd_zynq_system\_ide\scripts\debugger_mini_ctrl_brd_zynq-default.tcl'
12:51:37 INFO  : Disconnected from the channel tcfchan#12.
12:51:38 INFO  : Connected to target on host '127.0.0.1' and port '3121'.
12:51:38 INFO  : Jtag cable 'Digilent Zed 210248764166' is selected.
12:51:38 INFO  : 'jtag frequency' command is executed.
12:51:38 INFO  : Context for 'APU' is selected.
12:51:38 INFO  : System reset is completed.
12:51:41 INFO  : 'after 3000' command is executed.
12:51:41 INFO  : 'targets -set -filter {jtag_cable_name =~ "Digilent Zed 210248764166" && level==0 && jtag_device_ctx=="jsn-Zed-210248764166-23727093-0"}' command is executed.
12:51:44 INFO  : Device configured successfully with "D:/ASUS-PC/Desktop/temporary/Mini_ctrl_brd_zynq/Vitis/Mini_ctrl_brd_zynq/_ide/bitstream/system_wrapper.bit"
12:51:44 INFO  : Context for 'APU' is selected.
12:51:45 INFO  : Hardware design and registers information is loaded from 'D:/ASUS-PC/Desktop/temporary/Vivado2021/Mini_ctrl_brd_zynq/Vitis/system_wrapper/export/system_wrapper/hw/system_wrapper.xsa'.
12:51:45 INFO  : 'configparams force-mem-access 1' command is executed.
12:51:45 INFO  : Context for 'APU' is selected.
12:51:45 INFO  : Sourcing of 'D:/ASUS-PC/Desktop/temporary/Mini_ctrl_brd_zynq/Vitis/Mini_ctrl_brd_zynq/_ide/psinit/ps7_init.tcl' is done.
12:51:45 INFO  : 'ps7_init' command is executed.
12:51:45 INFO  : 'ps7_post_config' command is executed.
12:51:45 INFO  : Context for processor 'ps7_cortexa9_0' is selected.
12:51:45 INFO  : The application 'D:/ASUS-PC/Desktop/temporary/Mini_ctrl_brd_zynq/Vitis/Mini_ctrl_brd_zynq/Debug/Mini_ctrl_brd_zynq.elf' is downloaded to processor 'ps7_cortexa9_0'.
12:51:46 INFO  : 'configparams force-mem-access 0' command is executed.
12:51:46 INFO  : ----------------XSDB Script----------------
connect -url tcp:127.0.0.1:3121
targets -set -nocase -filter {name =~"APU*"}
rst -system
after 3000
targets -set -filter {jtag_cable_name =~ "Digilent Zed 210248764166" && level==0 && jtag_device_ctx=="jsn-Zed-210248764166-23727093-0"}
fpga -file D:/ASUS-PC/Desktop/temporary/Mini_ctrl_brd_zynq/Vitis/Mini_ctrl_brd_zynq/_ide/bitstream/system_wrapper.bit
targets -set -nocase -filter {name =~"APU*"}
loadhw -hw D:/ASUS-PC/Desktop/temporary/Vivado2021/Mini_ctrl_brd_zynq/Vitis/system_wrapper/export/system_wrapper/hw/system_wrapper.xsa -mem-ranges [list {0x40000000 0xbfffffff}] -regs
configparams force-mem-access 1
targets -set -nocase -filter {name =~"APU*"}
source D:/ASUS-PC/Desktop/temporary/Mini_ctrl_brd_zynq/Vitis/Mini_ctrl_brd_zynq/_ide/psinit/ps7_init.tcl
ps7_init
ps7_post_config
targets -set -nocase -filter {name =~ "*A9*#0"}
dow D:/ASUS-PC/Desktop/temporary/Mini_ctrl_brd_zynq/Vitis/Mini_ctrl_brd_zynq/Debug/Mini_ctrl_brd_zynq.elf
configparams force-mem-access 0
----------------End of Script----------------

12:51:46 INFO  : Context for processor 'ps7_cortexa9_0' is selected.
12:51:46 INFO  : 'con' command is executed.
12:51:46 INFO  : ----------------XSDB Script (After Launch)----------------
targets -set -nocase -filter {name =~ "*A9*#0"}
con
----------------End of Script----------------

12:51:46 INFO  : Launch script is exported to file 'D:\ASUS-PC\Desktop\temporary\Mini_ctrl_brd_zynq\Vitis\Mini_ctrl_brd_zynq_system\_ide\scripts\debugger_mini_ctrl_brd_zynq-default.tcl'
12:52:07 INFO  : Checking for BSP changes to sync application flags for project 'Mini_ctrl_brd_zynq'...
12:52:12 INFO  : Disconnected from the channel tcfchan#13.
12:52:13 INFO  : Connected to target on host '127.0.0.1' and port '3121'.
12:52:13 INFO  : Jtag cable 'Digilent Zed 210248764166' is selected.
12:52:13 INFO  : 'jtag frequency' command is executed.
12:52:13 INFO  : Context for 'APU' is selected.
12:52:13 INFO  : System reset is completed.
12:52:16 INFO  : 'after 3000' command is executed.
12:52:16 INFO  : 'targets -set -filter {jtag_cable_name =~ "Digilent Zed 210248764166" && level==0 && jtag_device_ctx=="jsn-Zed-210248764166-23727093-0"}' command is executed.
12:52:19 INFO  : Device configured successfully with "D:/ASUS-PC/Desktop/temporary/Mini_ctrl_brd_zynq/Vitis/Mini_ctrl_brd_zynq/_ide/bitstream/system_wrapper.bit"
12:52:19 INFO  : Context for 'APU' is selected.
12:52:20 INFO  : Hardware design and registers information is loaded from 'D:/ASUS-PC/Desktop/temporary/Vivado2021/Mini_ctrl_brd_zynq/Vitis/system_wrapper/export/system_wrapper/hw/system_wrapper.xsa'.
12:52:20 INFO  : 'configparams force-mem-access 1' command is executed.
12:52:20 INFO  : Context for 'APU' is selected.
12:52:20 INFO  : Sourcing of 'D:/ASUS-PC/Desktop/temporary/Mini_ctrl_brd_zynq/Vitis/Mini_ctrl_brd_zynq/_ide/psinit/ps7_init.tcl' is done.
12:52:20 INFO  : 'ps7_init' command is executed.
12:52:20 INFO  : 'ps7_post_config' command is executed.
12:52:20 INFO  : Context for processor 'ps7_cortexa9_0' is selected.
12:52:20 INFO  : The application 'D:/ASUS-PC/Desktop/temporary/Mini_ctrl_brd_zynq/Vitis/Mini_ctrl_brd_zynq/Debug/Mini_ctrl_brd_zynq.elf' is downloaded to processor 'ps7_cortexa9_0'.
12:52:21 INFO  : 'configparams force-mem-access 0' command is executed.
12:52:21 INFO  : ----------------XSDB Script----------------
connect -url tcp:127.0.0.1:3121
targets -set -nocase -filter {name =~"APU*"}
rst -system
after 3000
targets -set -filter {jtag_cable_name =~ "Digilent Zed 210248764166" && level==0 && jtag_device_ctx=="jsn-Zed-210248764166-23727093-0"}
fpga -file D:/ASUS-PC/Desktop/temporary/Mini_ctrl_brd_zynq/Vitis/Mini_ctrl_brd_zynq/_ide/bitstream/system_wrapper.bit
targets -set -nocase -filter {name =~"APU*"}
loadhw -hw D:/ASUS-PC/Desktop/temporary/Vivado2021/Mini_ctrl_brd_zynq/Vitis/system_wrapper/export/system_wrapper/hw/system_wrapper.xsa -mem-ranges [list {0x40000000 0xbfffffff}] -regs
configparams force-mem-access 1
targets -set -nocase -filter {name =~"APU*"}
source D:/ASUS-PC/Desktop/temporary/Mini_ctrl_brd_zynq/Vitis/Mini_ctrl_brd_zynq/_ide/psinit/ps7_init.tcl
ps7_init
ps7_post_config
targets -set -nocase -filter {name =~ "*A9*#0"}
dow D:/ASUS-PC/Desktop/temporary/Mini_ctrl_brd_zynq/Vitis/Mini_ctrl_brd_zynq/Debug/Mini_ctrl_brd_zynq.elf
configparams force-mem-access 0
----------------End of Script----------------

12:52:21 INFO  : Context for processor 'ps7_cortexa9_0' is selected.
12:52:21 INFO  : 'con' command is executed.
12:52:21 INFO  : ----------------XSDB Script (After Launch)----------------
targets -set -nocase -filter {name =~ "*A9*#0"}
con
----------------End of Script----------------

12:52:21 INFO  : Launch script is exported to file 'D:\ASUS-PC\Desktop\temporary\Mini_ctrl_brd_zynq\Vitis\Mini_ctrl_brd_zynq_system\_ide\scripts\debugger_mini_ctrl_brd_zynq-default.tcl'
12:54:49 INFO  : Checking for BSP changes to sync application flags for project 'Mini_ctrl_brd_zynq'...
12:54:57 INFO  : Disconnected from the channel tcfchan#14.
12:54:58 INFO  : Connected to target on host '127.0.0.1' and port '3121'.
12:54:58 INFO  : Jtag cable 'Digilent Zed 210248764166' is selected.
12:54:58 INFO  : 'jtag frequency' command is executed.
12:54:58 INFO  : Context for 'APU' is selected.
12:54:58 INFO  : System reset is completed.
12:55:01 INFO  : 'after 3000' command is executed.
12:55:01 INFO  : 'targets -set -filter {jtag_cable_name =~ "Digilent Zed 210248764166" && level==0 && jtag_device_ctx=="jsn-Zed-210248764166-23727093-0"}' command is executed.
12:55:04 INFO  : Device configured successfully with "D:/ASUS-PC/Desktop/temporary/Mini_ctrl_brd_zynq/Vitis/Mini_ctrl_brd_zynq/_ide/bitstream/system_wrapper.bit"
12:55:04 INFO  : Context for 'APU' is selected.
12:55:05 INFO  : Hardware design and registers information is loaded from 'D:/ASUS-PC/Desktop/temporary/Vivado2021/Mini_ctrl_brd_zynq/Vitis/system_wrapper/export/system_wrapper/hw/system_wrapper.xsa'.
12:55:05 INFO  : 'configparams force-mem-access 1' command is executed.
12:55:05 INFO  : Context for 'APU' is selected.
12:55:05 INFO  : Sourcing of 'D:/ASUS-PC/Desktop/temporary/Mini_ctrl_brd_zynq/Vitis/Mini_ctrl_brd_zynq/_ide/psinit/ps7_init.tcl' is done.
12:55:05 INFO  : 'ps7_init' command is executed.
12:55:05 INFO  : 'ps7_post_config' command is executed.
12:55:05 INFO  : Context for processor 'ps7_cortexa9_0' is selected.
12:55:05 INFO  : The application 'D:/ASUS-PC/Desktop/temporary/Mini_ctrl_brd_zynq/Vitis/Mini_ctrl_brd_zynq/Debug/Mini_ctrl_brd_zynq.elf' is downloaded to processor 'ps7_cortexa9_0'.
12:55:05 INFO  : 'configparams force-mem-access 0' command is executed.
12:55:05 INFO  : ----------------XSDB Script----------------
connect -url tcp:127.0.0.1:3121
targets -set -nocase -filter {name =~"APU*"}
rst -system
after 3000
targets -set -filter {jtag_cable_name =~ "Digilent Zed 210248764166" && level==0 && jtag_device_ctx=="jsn-Zed-210248764166-23727093-0"}
fpga -file D:/ASUS-PC/Desktop/temporary/Mini_ctrl_brd_zynq/Vitis/Mini_ctrl_brd_zynq/_ide/bitstream/system_wrapper.bit
targets -set -nocase -filter {name =~"APU*"}
loadhw -hw D:/ASUS-PC/Desktop/temporary/Vivado2021/Mini_ctrl_brd_zynq/Vitis/system_wrapper/export/system_wrapper/hw/system_wrapper.xsa -mem-ranges [list {0x40000000 0xbfffffff}] -regs
configparams force-mem-access 1
targets -set -nocase -filter {name =~"APU*"}
source D:/ASUS-PC/Desktop/temporary/Mini_ctrl_brd_zynq/Vitis/Mini_ctrl_brd_zynq/_ide/psinit/ps7_init.tcl
ps7_init
ps7_post_config
targets -set -nocase -filter {name =~ "*A9*#0"}
dow D:/ASUS-PC/Desktop/temporary/Mini_ctrl_brd_zynq/Vitis/Mini_ctrl_brd_zynq/Debug/Mini_ctrl_brd_zynq.elf
configparams force-mem-access 0
----------------End of Script----------------

12:55:06 INFO  : Context for processor 'ps7_cortexa9_0' is selected.
12:55:06 INFO  : 'con' command is executed.
12:55:06 INFO  : ----------------XSDB Script (After Launch)----------------
targets -set -nocase -filter {name =~ "*A9*#0"}
con
----------------End of Script----------------

12:55:06 INFO  : Launch script is exported to file 'D:\ASUS-PC\Desktop\temporary\Mini_ctrl_brd_zynq\Vitis\Mini_ctrl_brd_zynq_system\_ide\scripts\debugger_mini_ctrl_brd_zynq-default.tcl'
12:56:15 INFO  : Checking for BSP changes to sync application flags for project 'Mini_ctrl_brd_zynq'...
12:56:21 INFO  : Disconnected from the channel tcfchan#15.
12:56:22 INFO  : Connected to target on host '127.0.0.1' and port '3121'.
12:56:22 INFO  : Jtag cable 'Digilent Zed 210248764166' is selected.
12:56:22 INFO  : 'jtag frequency' command is executed.
12:56:22 INFO  : Context for 'APU' is selected.
12:56:22 INFO  : System reset is completed.
12:56:25 INFO  : 'after 3000' command is executed.
12:56:25 INFO  : 'targets -set -filter {jtag_cable_name =~ "Digilent Zed 210248764166" && level==0 && jtag_device_ctx=="jsn-Zed-210248764166-23727093-0"}' command is executed.
12:56:28 INFO  : Device configured successfully with "D:/ASUS-PC/Desktop/temporary/Mini_ctrl_brd_zynq/Vitis/Mini_ctrl_brd_zynq/_ide/bitstream/system_wrapper.bit"
12:56:28 INFO  : Context for 'APU' is selected.
12:56:29 INFO  : Hardware design and registers information is loaded from 'D:/ASUS-PC/Desktop/temporary/Vivado2021/Mini_ctrl_brd_zynq/Vitis/system_wrapper/export/system_wrapper/hw/system_wrapper.xsa'.
12:56:29 INFO  : 'configparams force-mem-access 1' command is executed.
12:56:29 INFO  : Context for 'APU' is selected.
12:56:29 INFO  : Sourcing of 'D:/ASUS-PC/Desktop/temporary/Mini_ctrl_brd_zynq/Vitis/Mini_ctrl_brd_zynq/_ide/psinit/ps7_init.tcl' is done.
12:56:29 INFO  : 'ps7_init' command is executed.
12:56:29 INFO  : 'ps7_post_config' command is executed.
12:56:29 INFO  : Context for processor 'ps7_cortexa9_0' is selected.
12:56:30 INFO  : The application 'D:/ASUS-PC/Desktop/temporary/Mini_ctrl_brd_zynq/Vitis/Mini_ctrl_brd_zynq/Debug/Mini_ctrl_brd_zynq.elf' is downloaded to processor 'ps7_cortexa9_0'.
12:56:30 INFO  : 'configparams force-mem-access 0' command is executed.
12:56:30 INFO  : ----------------XSDB Script----------------
connect -url tcp:127.0.0.1:3121
targets -set -nocase -filter {name =~"APU*"}
rst -system
after 3000
targets -set -filter {jtag_cable_name =~ "Digilent Zed 210248764166" && level==0 && jtag_device_ctx=="jsn-Zed-210248764166-23727093-0"}
fpga -file D:/ASUS-PC/Desktop/temporary/Mini_ctrl_brd_zynq/Vitis/Mini_ctrl_brd_zynq/_ide/bitstream/system_wrapper.bit
targets -set -nocase -filter {name =~"APU*"}
loadhw -hw D:/ASUS-PC/Desktop/temporary/Vivado2021/Mini_ctrl_brd_zynq/Vitis/system_wrapper/export/system_wrapper/hw/system_wrapper.xsa -mem-ranges [list {0x40000000 0xbfffffff}] -regs
configparams force-mem-access 1
targets -set -nocase -filter {name =~"APU*"}
source D:/ASUS-PC/Desktop/temporary/Mini_ctrl_brd_zynq/Vitis/Mini_ctrl_brd_zynq/_ide/psinit/ps7_init.tcl
ps7_init
ps7_post_config
targets -set -nocase -filter {name =~ "*A9*#0"}
dow D:/ASUS-PC/Desktop/temporary/Mini_ctrl_brd_zynq/Vitis/Mini_ctrl_brd_zynq/Debug/Mini_ctrl_brd_zynq.elf
configparams force-mem-access 0
----------------End of Script----------------

12:56:30 INFO  : Context for processor 'ps7_cortexa9_0' is selected.
12:56:30 INFO  : 'con' command is executed.
12:56:30 INFO  : ----------------XSDB Script (After Launch)----------------
targets -set -nocase -filter {name =~ "*A9*#0"}
con
----------------End of Script----------------

12:56:30 INFO  : Launch script is exported to file 'D:\ASUS-PC\Desktop\temporary\Mini_ctrl_brd_zynq\Vitis\Mini_ctrl_brd_zynq_system\_ide\scripts\debugger_mini_ctrl_brd_zynq-default.tcl'
12:58:08 INFO  : Checking for BSP changes to sync application flags for project 'Mini_ctrl_brd_zynq'...
12:58:13 INFO  : Disconnected from the channel tcfchan#16.
12:58:14 INFO  : Connected to target on host '127.0.0.1' and port '3121'.
12:58:14 INFO  : Jtag cable 'Digilent Zed 210248764166' is selected.
12:58:14 INFO  : 'jtag frequency' command is executed.
12:58:14 INFO  : Context for 'APU' is selected.
12:58:14 INFO  : System reset is completed.
12:58:17 INFO  : 'after 3000' command is executed.
12:58:17 INFO  : 'targets -set -filter {jtag_cable_name =~ "Digilent Zed 210248764166" && level==0 && jtag_device_ctx=="jsn-Zed-210248764166-23727093-0"}' command is executed.
12:58:20 INFO  : Device configured successfully with "D:/ASUS-PC/Desktop/temporary/Mini_ctrl_brd_zynq/Vitis/Mini_ctrl_brd_zynq/_ide/bitstream/system_wrapper.bit"
12:58:20 INFO  : Context for 'APU' is selected.
12:58:21 INFO  : Hardware design and registers information is loaded from 'D:/ASUS-PC/Desktop/temporary/Vivado2021/Mini_ctrl_brd_zynq/Vitis/system_wrapper/export/system_wrapper/hw/system_wrapper.xsa'.
12:58:21 INFO  : 'configparams force-mem-access 1' command is executed.
12:58:21 INFO  : Context for 'APU' is selected.
12:58:21 INFO  : Sourcing of 'D:/ASUS-PC/Desktop/temporary/Mini_ctrl_brd_zynq/Vitis/Mini_ctrl_brd_zynq/_ide/psinit/ps7_init.tcl' is done.
12:58:22 INFO  : 'ps7_init' command is executed.
12:58:22 INFO  : 'ps7_post_config' command is executed.
12:58:22 INFO  : Context for processor 'ps7_cortexa9_0' is selected.
12:58:22 INFO  : The application 'D:/ASUS-PC/Desktop/temporary/Mini_ctrl_brd_zynq/Vitis/Mini_ctrl_brd_zynq/Debug/Mini_ctrl_brd_zynq.elf' is downloaded to processor 'ps7_cortexa9_0'.
12:58:22 INFO  : 'configparams force-mem-access 0' command is executed.
12:58:22 INFO  : ----------------XSDB Script----------------
connect -url tcp:127.0.0.1:3121
targets -set -nocase -filter {name =~"APU*"}
rst -system
after 3000
targets -set -filter {jtag_cable_name =~ "Digilent Zed 210248764166" && level==0 && jtag_device_ctx=="jsn-Zed-210248764166-23727093-0"}
fpga -file D:/ASUS-PC/Desktop/temporary/Mini_ctrl_brd_zynq/Vitis/Mini_ctrl_brd_zynq/_ide/bitstream/system_wrapper.bit
targets -set -nocase -filter {name =~"APU*"}
loadhw -hw D:/ASUS-PC/Desktop/temporary/Vivado2021/Mini_ctrl_brd_zynq/Vitis/system_wrapper/export/system_wrapper/hw/system_wrapper.xsa -mem-ranges [list {0x40000000 0xbfffffff}] -regs
configparams force-mem-access 1
targets -set -nocase -filter {name =~"APU*"}
source D:/ASUS-PC/Desktop/temporary/Mini_ctrl_brd_zynq/Vitis/Mini_ctrl_brd_zynq/_ide/psinit/ps7_init.tcl
ps7_init
ps7_post_config
targets -set -nocase -filter {name =~ "*A9*#0"}
dow D:/ASUS-PC/Desktop/temporary/Mini_ctrl_brd_zynq/Vitis/Mini_ctrl_brd_zynq/Debug/Mini_ctrl_brd_zynq.elf
configparams force-mem-access 0
----------------End of Script----------------

12:58:22 INFO  : Context for processor 'ps7_cortexa9_0' is selected.
12:58:22 INFO  : 'con' command is executed.
12:58:22 INFO  : ----------------XSDB Script (After Launch)----------------
targets -set -nocase -filter {name =~ "*A9*#0"}
con
----------------End of Script----------------

12:58:22 INFO  : Launch script is exported to file 'D:\ASUS-PC\Desktop\temporary\Mini_ctrl_brd_zynq\Vitis\Mini_ctrl_brd_zynq_system\_ide\scripts\debugger_mini_ctrl_brd_zynq-default.tcl'
13:43:32 INFO  : Disconnected from the channel tcfchan#17.
14:11:02 INFO  : Launching XSCT server: xsct.bat -n  -interactive D:\ASUS-PC\Desktop\temporary\Mini_ctrl_brd_zynq\Vitis\temp_xsdb_launch_script.tcl
14:11:03 INFO  : XSCT server has started successfully.
14:11:03 INFO  : Successfully done setting XSCT server connection channel  
14:11:03 INFO  : plnx-install-location is set to ''
14:11:03 INFO  : Successfully done setting workspace for the tool. 
14:11:04 INFO  : Platform repository initialization has completed.
14:11:04 INFO  : Registering command handlers for Vitis TCF services
14:11:04 INFO  : Successfully done query RDI_DATADIR 
14:11:16 INFO  : Checking for BSP changes to sync application flags for project 'Mini_ctrl_brd_zynq'...
14:11:18 ERROR : (XSDB Server)ERROR: [Hsi 55-1571] The design file D:/ASUS-PC/Desktop/temporary/Vivado2021/Mini_ctrl_brd_zynq/Vitis/system_wrapper/export/system_wrapper/hw/system_wrapper.xsa is already opened

14:11:31 INFO  : Connected to target on host '127.0.0.1' and port '3121'.
14:11:32 INFO  : Jtag cable 'Digilent Zed 210248764166' is selected.
14:11:32 INFO  : 'jtag frequency' command is executed.
14:11:32 INFO  : Context for 'APU' is selected.
14:11:32 INFO  : System reset is completed.
14:11:35 INFO  : 'after 3000' command is executed.
14:11:35 INFO  : 'targets -set -filter {jtag_cable_name =~ "Digilent Zed 210248764166" && level==0 && jtag_device_ctx=="jsn-Zed-210248764166-23727093-0"}' command is executed.
14:11:37 INFO  : Device configured successfully with "D:/ASUS-PC/Desktop/temporary/Mini_ctrl_brd_zynq/Vitis/Mini_ctrl_brd_zynq/_ide/bitstream/system_wrapper.bit"
14:11:37 INFO  : Context for 'APU' is selected.
14:11:37 INFO  : Hardware design and registers information is loaded from 'D:/ASUS-PC/Desktop/temporary/Vivado2021/Mini_ctrl_brd_zynq/Vitis/system_wrapper/export/system_wrapper/hw/system_wrapper.xsa'.
14:11:37 INFO  : 'configparams force-mem-access 1' command is executed.
14:11:37 INFO  : Context for 'APU' is selected.
14:11:37 INFO  : Sourcing of 'D:/ASUS-PC/Desktop/temporary/Mini_ctrl_brd_zynq/Vitis/Mini_ctrl_brd_zynq/_ide/psinit/ps7_init.tcl' is done.
14:11:37 INFO  : 'ps7_init' command is executed.
14:11:37 INFO  : 'ps7_post_config' command is executed.
14:11:37 INFO  : Context for processor 'ps7_cortexa9_0' is selected.
14:11:38 INFO  : The application 'D:/ASUS-PC/Desktop/temporary/Mini_ctrl_brd_zynq/Vitis/Mini_ctrl_brd_zynq/Debug/Mini_ctrl_brd_zynq.elf' is downloaded to processor 'ps7_cortexa9_0'.
14:11:38 INFO  : 'configparams force-mem-access 0' command is executed.
14:11:38 INFO  : ----------------XSDB Script----------------
connect -url tcp:127.0.0.1:3121
targets -set -nocase -filter {name =~"APU*"}
rst -system
after 3000
targets -set -filter {jtag_cable_name =~ "Digilent Zed 210248764166" && level==0 && jtag_device_ctx=="jsn-Zed-210248764166-23727093-0"}
fpga -file D:/ASUS-PC/Desktop/temporary/Mini_ctrl_brd_zynq/Vitis/Mini_ctrl_brd_zynq/_ide/bitstream/system_wrapper.bit
targets -set -nocase -filter {name =~"APU*"}
loadhw -hw D:/ASUS-PC/Desktop/temporary/Vivado2021/Mini_ctrl_brd_zynq/Vitis/system_wrapper/export/system_wrapper/hw/system_wrapper.xsa -mem-ranges [list {0x40000000 0xbfffffff}] -regs
configparams force-mem-access 1
targets -set -nocase -filter {name =~"APU*"}
source D:/ASUS-PC/Desktop/temporary/Mini_ctrl_brd_zynq/Vitis/Mini_ctrl_brd_zynq/_ide/psinit/ps7_init.tcl
ps7_init
ps7_post_config
targets -set -nocase -filter {name =~ "*A9*#0"}
dow D:/ASUS-PC/Desktop/temporary/Mini_ctrl_brd_zynq/Vitis/Mini_ctrl_brd_zynq/Debug/Mini_ctrl_brd_zynq.elf
configparams force-mem-access 0
----------------End of Script----------------

14:11:38 INFO  : Context for processor 'ps7_cortexa9_0' is selected.
14:11:38 INFO  : 'con' command is executed.
14:11:38 INFO  : ----------------XSDB Script (After Launch)----------------
targets -set -nocase -filter {name =~ "*A9*#0"}
con
----------------End of Script----------------

14:11:38 INFO  : Launch script is exported to file 'D:\ASUS-PC\Desktop\temporary\Mini_ctrl_brd_zynq\Vitis\Mini_ctrl_brd_zynq_system\_ide\scripts\debugger_mini_ctrl_brd_zynq-default.tcl'
14:11:43 INFO  : Disconnected from the channel tcfchan#2.
14:11:48 INFO  : Launching XSCT server: xsct.bat -n  -interactive D:\ASUS-PC\Desktop\temporary\Mini_ctrl_brd_zynq\Vitis\temp_xsdb_launch_script.tcl
14:11:49 INFO  : XSCT server has started successfully.
14:11:49 INFO  : plnx-install-location is set to ''
14:11:49 INFO  : Successfully done setting XSCT server connection channel  
14:11:49 INFO  : Successfully done setting workspace for the tool. 
14:11:51 INFO  : Platform repository initialization has completed.
14:11:51 INFO  : Successfully done query RDI_DATADIR 
14:11:51 INFO  : Registering command handlers for Vitis TCF services
14:12:12 INFO  : Checking for BSP changes to sync application flags for project 'Mini_ctrl_brd_zynq'...
14:12:21 INFO  : Connected to target on host '127.0.0.1' and port '3121'.
14:12:21 INFO  : Jtag cable 'Digilent Zed 210248764166' is selected.
14:12:21 INFO  : 'jtag frequency' command is executed.
14:12:21 INFO  : Context for 'APU' is selected.
14:12:21 INFO  : System reset is completed.
14:12:24 INFO  : 'after 3000' command is executed.
14:12:24 INFO  : 'targets -set -filter {jtag_cable_name =~ "Digilent Zed 210248764166" && level==0 && jtag_device_ctx=="jsn-Zed-210248764166-23727093-0"}' command is executed.
14:12:26 INFO  : Device configured successfully with "D:/ASUS-PC/Desktop/temporary/Mini_ctrl_brd_zynq/Vitis/Mini_ctrl_brd_zynq/_ide/bitstream/system_wrapper.bit"
14:12:26 INFO  : Context for 'APU' is selected.
14:12:26 INFO  : Hardware design and registers information is loaded from 'D:/ASUS-PC/Desktop/temporary/Vivado2021/Mini_ctrl_brd_zynq/Vitis/system_wrapper/export/system_wrapper/hw/system_wrapper.xsa'.
14:12:26 INFO  : 'configparams force-mem-access 1' command is executed.
14:12:26 INFO  : Context for 'APU' is selected.
14:12:26 INFO  : Sourcing of 'D:/ASUS-PC/Desktop/temporary/Mini_ctrl_brd_zynq/Vitis/Mini_ctrl_brd_zynq/_ide/psinit/ps7_init.tcl' is done.
14:12:27 INFO  : 'ps7_init' command is executed.
14:12:27 INFO  : 'ps7_post_config' command is executed.
14:12:27 INFO  : Context for processor 'ps7_cortexa9_0' is selected.
14:12:27 INFO  : The application 'D:/ASUS-PC/Desktop/temporary/Mini_ctrl_brd_zynq/Vitis/Mini_ctrl_brd_zynq/Debug/Mini_ctrl_brd_zynq.elf' is downloaded to processor 'ps7_cortexa9_0'.
14:12:27 INFO  : 'configparams force-mem-access 0' command is executed.
14:12:27 INFO  : ----------------XSDB Script----------------
connect -url tcp:127.0.0.1:3121
targets -set -nocase -filter {name =~"APU*"}
rst -system
after 3000
targets -set -filter {jtag_cable_name =~ "Digilent Zed 210248764166" && level==0 && jtag_device_ctx=="jsn-Zed-210248764166-23727093-0"}
fpga -file D:/ASUS-PC/Desktop/temporary/Mini_ctrl_brd_zynq/Vitis/Mini_ctrl_brd_zynq/_ide/bitstream/system_wrapper.bit
targets -set -nocase -filter {name =~"APU*"}
loadhw -hw D:/ASUS-PC/Desktop/temporary/Vivado2021/Mini_ctrl_brd_zynq/Vitis/system_wrapper/export/system_wrapper/hw/system_wrapper.xsa -mem-ranges [list {0x40000000 0xbfffffff}] -regs
configparams force-mem-access 1
targets -set -nocase -filter {name =~"APU*"}
source D:/ASUS-PC/Desktop/temporary/Mini_ctrl_brd_zynq/Vitis/Mini_ctrl_brd_zynq/_ide/psinit/ps7_init.tcl
ps7_init
ps7_post_config
targets -set -nocase -filter {name =~ "*A9*#0"}
dow D:/ASUS-PC/Desktop/temporary/Mini_ctrl_brd_zynq/Vitis/Mini_ctrl_brd_zynq/Debug/Mini_ctrl_brd_zynq.elf
configparams force-mem-access 0
----------------End of Script----------------

14:12:27 INFO  : Context for processor 'ps7_cortexa9_0' is selected.
14:12:27 INFO  : 'con' command is executed.
14:12:27 INFO  : ----------------XSDB Script (After Launch)----------------
targets -set -nocase -filter {name =~ "*A9*#0"}
con
----------------End of Script----------------

14:12:27 INFO  : Launch script is exported to file 'D:\ASUS-PC\Desktop\temporary\Mini_ctrl_brd_zynq\Vitis\Mini_ctrl_brd_zynq_system\_ide\scripts\debugger_mini_ctrl_brd_zynq-default.tcl'
14:13:52 INFO  : Disconnected from the channel tcfchan#1.
14:14:49 INFO  : Launching XSCT server: xsct.bat -n  -interactive D:\ASUS-PC\Desktop\temporary\Mini_ctrl_brd_zynq\Vitis\temp_xsdb_launch_script.tcl
14:14:50 INFO  : XSCT server has started successfully.
14:14:50 INFO  : plnx-install-location is set to ''
14:14:50 INFO  : Successfully done setting XSCT server connection channel  
14:14:50 INFO  : Successfully done setting workspace for the tool. 
14:14:51 ERROR : Error encountered while initializing user repository paths
Reason: No Platforms Found.


14:14:51 INFO  : Platform repository initialization has completed.
14:14:51 INFO  : Successfully done query RDI_DATADIR 
14:14:51 INFO  : Registering command handlers for Vitis TCF services
14:14:56 INFO  : Checking for BSP changes to sync application flags for project 'Mini_ctrl_brd_zynq'...
14:14:56 ERROR : Failed to get platform details for the project 'Mini_ctrl_brd_zynq'. Cannot sync application flags.
14:15:36 INFO  : Checking for BSP changes to sync application flags for project 'Mini_ctrl_brd_zynq'...
14:15:38 ERROR : (XSDB Server)ERROR: [Hsi 55-1571] The design file D:/ASUS-PC/Desktop/temporary/Mini_ctrl_brd_zynq/Vitis/system_wrapper/export/system_wrapper/hw/system_wrapper.xsa is already opened

14:16:05 INFO  : Checking for BSP changes to sync application flags for project 'Mini_ctrl_brd_zynq'...
14:16:06 ERROR : (XSDB Server)ERROR: [Hsi 55-1571] The design file D:/ASUS-PC/Desktop/temporary/Mini_ctrl_brd_zynq/Vitis/system_wrapper/export/system_wrapper/hw/system_wrapper.xsa is already opened

14:17:28 INFO  : Checking for BSP changes to sync application flags for project 'Mini_ctrl_brd_zynq'...
14:17:37 INFO  : Connected to target on host '127.0.0.1' and port '3121'.
14:17:37 INFO  : Jtag cable 'Digilent Zed 210248764166' is selected.
14:17:37 INFO  : 'jtag frequency' command is executed.
14:17:37 INFO  : Context for 'APU' is selected.
14:17:37 INFO  : System reset is completed.
14:17:40 INFO  : 'after 3000' command is executed.
14:17:40 INFO  : 'targets -set -filter {jtag_cable_name =~ "Digilent Zed 210248764166" && level==0 && jtag_device_ctx=="jsn-Zed-210248764166-23727093-0"}' command is executed.
14:17:43 INFO  : Device configured successfully with "D:/ASUS-PC/Desktop/temporary/Mini_ctrl_brd_zynq/Vitis/Mini_ctrl_brd_zynq/_ide/bitstream/system_wrapper.bit"
14:17:43 INFO  : Context for 'APU' is selected.
14:17:43 INFO  : Hardware design and registers information is loaded from 'D:/ASUS-PC/Desktop/temporary/Mini_ctrl_brd_zynq/Vitis/system_wrapper/export/system_wrapper/hw/system_wrapper.xsa'.
14:17:43 INFO  : 'configparams force-mem-access 1' command is executed.
14:17:43 INFO  : Context for 'APU' is selected.
14:17:43 INFO  : Sourcing of 'D:/ASUS-PC/Desktop/temporary/Mini_ctrl_brd_zynq/Vitis/Mini_ctrl_brd_zynq/_ide/psinit/ps7_init.tcl' is done.
14:17:43 INFO  : 'ps7_init' command is executed.
14:17:43 INFO  : 'ps7_post_config' command is executed.
14:17:43 INFO  : Context for processor 'ps7_cortexa9_0' is selected.
14:17:43 INFO  : The application 'D:/ASUS-PC/Desktop/temporary/Mini_ctrl_brd_zynq/Vitis/Mini_ctrl_brd_zynq/Debug/Mini_ctrl_brd_zynq.elf' is downloaded to processor 'ps7_cortexa9_0'.
14:17:43 INFO  : 'configparams force-mem-access 0' command is executed.
14:17:43 INFO  : ----------------XSDB Script----------------
connect -url tcp:127.0.0.1:3121
targets -set -nocase -filter {name =~"APU*"}
rst -system
after 3000
targets -set -filter {jtag_cable_name =~ "Digilent Zed 210248764166" && level==0 && jtag_device_ctx=="jsn-Zed-210248764166-23727093-0"}
fpga -file D:/ASUS-PC/Desktop/temporary/Mini_ctrl_brd_zynq/Vitis/Mini_ctrl_brd_zynq/_ide/bitstream/system_wrapper.bit
targets -set -nocase -filter {name =~"APU*"}
loadhw -hw D:/ASUS-PC/Desktop/temporary/Mini_ctrl_brd_zynq/Vitis/system_wrapper/export/system_wrapper/hw/system_wrapper.xsa -mem-ranges [list {0x40000000 0xbfffffff}] -regs
configparams force-mem-access 1
targets -set -nocase -filter {name =~"APU*"}
source D:/ASUS-PC/Desktop/temporary/Mini_ctrl_brd_zynq/Vitis/Mini_ctrl_brd_zynq/_ide/psinit/ps7_init.tcl
ps7_init
ps7_post_config
targets -set -nocase -filter {name =~ "*A9*#0"}
dow D:/ASUS-PC/Desktop/temporary/Mini_ctrl_brd_zynq/Vitis/Mini_ctrl_brd_zynq/Debug/Mini_ctrl_brd_zynq.elf
configparams force-mem-access 0
----------------End of Script----------------

14:17:43 INFO  : Context for processor 'ps7_cortexa9_0' is selected.
14:17:43 INFO  : 'con' command is executed.
14:17:43 INFO  : ----------------XSDB Script (After Launch)----------------
targets -set -nocase -filter {name =~ "*A9*#0"}
con
----------------End of Script----------------

14:17:43 INFO  : Launch script is exported to file 'D:\ASUS-PC\Desktop\temporary\Mini_ctrl_brd_zynq\Vitis\Mini_ctrl_brd_zynq_system\_ide\scripts\debugger_mini_ctrl_brd_zynq-default.tcl'
14:18:26 INFO  : Checking for BSP changes to sync application flags for project 'Mini_ctrl_brd_zynq'...
14:18:27 ERROR : (XSDB Server)ERROR: [Hsi 55-1571] The design file D:/ASUS-PC/Desktop/temporary/Mini_ctrl_brd_zynq/Vitis/system_wrapper/export/system_wrapper/hw/system_wrapper.xsa is already opened

14:19:27 INFO  : Checking for BSP changes to sync application flags for project 'Mini_ctrl_brd_zynq'...
14:19:28 ERROR : (XSDB Server)ERROR: [Hsi 55-1571] The design file D:/ASUS-PC/Desktop/temporary/Mini_ctrl_brd_zynq/Vitis/system_wrapper/export/system_wrapper/hw/system_wrapper.xsa is already opened

14:22:15 INFO  : Checking for BSP changes to sync application flags for project 'Mini_ctrl_brd_zynq'...
14:22:16 ERROR : (XSDB Server)ERROR: [Hsi 55-1571] The design file D:/ASUS-PC/Desktop/temporary/Mini_ctrl_brd_zynq/Vitis/system_wrapper/export/system_wrapper/hw/system_wrapper.xsa is already opened

14:27:28 INFO  : Result from executing command 'getProjects': system_wrapper
14:27:28 INFO  : Result from executing command 'getPlatforms': system_wrapper|D:/ASUS-PC/Desktop/temporary/Mini_ctrl_brd_zynq/Vitis/system_wrapper/export/system_wrapper/system_wrapper.xpfm
14:27:28 INFO  : Checking for BSP changes to sync application flags for project 'Mini_ctrl_brd_zynq'...
14:27:42 INFO  : Checking for BSP changes to sync application flags for project 'Mini_ctrl_brd_zynq'...
14:31:44 INFO  : Disconnected from the channel tcfchan#3.
14:31:45 INFO  : Connected to target on host '127.0.0.1' and port '3121'.
14:31:45 INFO  : Jtag cable 'Digilent Zed 210248764166' is selected.
14:31:45 INFO  : 'jtag frequency' command is executed.
14:31:45 INFO  : Context for 'APU' is selected.
14:31:45 INFO  : System reset is completed.
14:31:48 INFO  : 'after 3000' command is executed.
14:31:48 INFO  : 'targets -set -filter {jtag_cable_name =~ "Digilent Zed 210248764166" && level==0 && jtag_device_ctx=="jsn-Zed-210248764166-23727093-0"}' command is executed.
14:31:50 INFO  : Device configured successfully with "D:/ASUS-PC/Desktop/temporary/Mini_ctrl_brd_zynq/Vitis/Mini_ctrl_brd_zynq/_ide/bitstream/system_wrapper.bit"
14:31:51 INFO  : Context for 'APU' is selected.
14:31:52 INFO  : Hardware design and registers information is loaded from 'D:/ASUS-PC/Desktop/temporary/Mini_ctrl_brd_zynq/Vitis/system_wrapper/export/system_wrapper/hw/system_wrapper.xsa'.
14:31:52 INFO  : 'configparams force-mem-access 1' command is executed.
14:31:52 INFO  : Context for 'APU' is selected.
14:31:52 INFO  : Sourcing of 'D:/ASUS-PC/Desktop/temporary/Mini_ctrl_brd_zynq/Vitis/Mini_ctrl_brd_zynq/_ide/psinit/ps7_init.tcl' is done.
14:31:52 INFO  : 'ps7_init' command is executed.
14:31:52 INFO  : 'ps7_post_config' command is executed.
14:31:52 INFO  : Context for processor 'ps7_cortexa9_0' is selected.
14:31:52 INFO  : The application 'D:/ASUS-PC/Desktop/temporary/Mini_ctrl_brd_zynq/Vitis/Mini_ctrl_brd_zynq/Debug/Mini_ctrl_brd_zynq.elf' is downloaded to processor 'ps7_cortexa9_0'.
14:31:52 INFO  : 'configparams force-mem-access 0' command is executed.
14:31:52 INFO  : ----------------XSDB Script----------------
connect -url tcp:127.0.0.1:3121
targets -set -nocase -filter {name =~"APU*"}
rst -system
after 3000
targets -set -filter {jtag_cable_name =~ "Digilent Zed 210248764166" && level==0 && jtag_device_ctx=="jsn-Zed-210248764166-23727093-0"}
fpga -file D:/ASUS-PC/Desktop/temporary/Mini_ctrl_brd_zynq/Vitis/Mini_ctrl_brd_zynq/_ide/bitstream/system_wrapper.bit
targets -set -nocase -filter {name =~"APU*"}
loadhw -hw D:/ASUS-PC/Desktop/temporary/Mini_ctrl_brd_zynq/Vitis/system_wrapper/export/system_wrapper/hw/system_wrapper.xsa -mem-ranges [list {0x40000000 0xbfffffff}] -regs
configparams force-mem-access 1
targets -set -nocase -filter {name =~"APU*"}
source D:/ASUS-PC/Desktop/temporary/Mini_ctrl_brd_zynq/Vitis/Mini_ctrl_brd_zynq/_ide/psinit/ps7_init.tcl
ps7_init
ps7_post_config
targets -set -nocase -filter {name =~ "*A9*#0"}
dow D:/ASUS-PC/Desktop/temporary/Mini_ctrl_brd_zynq/Vitis/Mini_ctrl_brd_zynq/Debug/Mini_ctrl_brd_zynq.elf
configparams force-mem-access 0
----------------End of Script----------------

14:31:52 INFO  : Context for processor 'ps7_cortexa9_0' is selected.
14:31:52 INFO  : 'con' command is executed.
14:31:52 INFO  : ----------------XSDB Script (After Launch)----------------
targets -set -nocase -filter {name =~ "*A9*#0"}
con
----------------End of Script----------------

14:31:52 INFO  : Launch script is exported to file 'D:\ASUS-PC\Desktop\temporary\Mini_ctrl_brd_zynq\Vitis\Mini_ctrl_brd_zynq_system\_ide\scripts\debugger_mini_ctrl_brd_zynq-default_1.tcl'
15:13:44 INFO  : Checking for BSP changes to sync application flags for project 'Mini_ctrl_brd_zynq'...
15:13:50 INFO  : Disconnected from the channel tcfchan#10.
