#-----------------------------------------------------------
# Vivado v2021.1 (64-bit)
# SW Build 3247384 on Thu Jun 10 19:36:33 MDT 2021
# IP Build 3246043 on Fri Jun 11 00:30:35 MDT 2021
# Start of session at: Fri Jul 11 09:28:15 2025
# Process ID: 24392
# Current directory: D:/ASUS-PC/Desktop/temporary/lwip_tcp_server_perf
# Command line: vivado.exe -gui_launcher_event rodinguilauncherevent29932 D:\ASUS-PC\Desktop\temporary\lwip_tcp_server_perf\lwip_tcp_server_perf.xpr
# Log file: D:/ASUS-PC/Desktop/temporary/lwip_tcp_server_perf/vivado.log
# Journal file: D:/ASUS-PC/Desktop/temporary/lwip_tcp_server_perf\vivado.jou
#-----------------------------------------------------------
start_gui
open_project D:/ASUS-PC/Desktop/temporary/lwip_tcp_server_perf/lwip_tcp_server_perf.xpr
WARNING: [BD 41-2576] File 'D:/ASUS-PC/Desktop/temporary/lwip_tcp_server_perf/lwip_tcp_server_perf.srcs/sources_1/bd/system/ip/system_auto_pc_0/system_auto_pc_0.xci' referenced by design 'system' could not be found.
WARNING: [BD 41-2576] File 'D:/ASUS-PC/Desktop/temporary/lwip_tcp_server_perf/lwip_tcp_server_perf.srcs/sources_1/bd/system/ip/system_auto_us_0/system_auto_us_0.xci' referenced by design 'system' could not be found.
WARNING: [BD 41-2576] File 'D:/ASUS-PC/Desktop/temporary/lwip_tcp_server_perf/lwip_tcp_server_perf.srcs/sources_1/bd/system/ip/system_auto_pc_1/system_auto_pc_1.xci' referenced by design 'system' could not be found.
CRITICAL WARNING: [Project 1-19] Could not find the file 'D:/ASUS-PC/Desktop/Sim_ad_data_gen.vhd'.
Scanning sources...
Finished scanning sources
INFO: [IP_Flow 19-234] Refreshing IP repositories
INFO: [IP_Flow 19-1700] Loaded user IP repository 'd:/ASUS-PC/Desktop/temporary/lwip_tcp_server_perf/ip_repo'.
INFO: [IP_Flow 19-2313] Loaded Vivado IP repository 'E:/Xilinx2021/Vivado/2021.1/data/ip'.
open_bd_design {D:/ASUS-PC/Desktop/temporary/lwip_tcp_server_perf/lwip_tcp_server_perf.srcs/sources_1/bd/system/system.bd}
Reading block design file <D:/ASUS-PC/Desktop/temporary/lwip_tcp_server_perf/lwip_tcp_server_perf.srcs/sources_1/bd/system/system.bd>...
Adding component instance block -- xilinx.com:ip:processing_system7:5.5 - processing_system7_0
Adding component instance block -- xilinx.com:ip:axi_dma:7.1 - axi_dma_0
Adding component instance block -- xilinx.com:ip:xlconcat:2.1 - xlconcat_0
Adding component instance block -- xilinx.com:ip:axi_interconnect:2.1 - ps7_0_axi_periph
Adding component instance block -- xilinx.com:ip:axi_crossbar:2.1 - xbar
Adding component instance block -- xilinx.com:ip:axi_protocol_converter:2.1 - auto_pc
INFO: [BD 41-434] Could not find an IP with XCI file by name: system_auto_pc_0 
Adding component instance block -- xilinx.com:ip:proc_sys_reset:5.0 - rst_ps7_0_100M
Adding component instance block -- xilinx.com:ip:axi_interconnect:2.1 - axi_mem_intercon
Adding component instance block -- xilinx.com:ip:axi_crossbar:2.1 - xbar
Adding component instance block -- xilinx.com:ip:axi_dwidth_converter:2.1 - auto_us
INFO: [BD 41-434] Could not find an IP with XCI file by name: system_auto_us_0 
Adding component instance block -- xilinx.com:ip:axi_protocol_converter:2.1 - auto_pc
INFO: [BD 41-434] Could not find an IP with XCI file by name: system_auto_pc_1 
Adding component instance block -- xilinx.com:user:ps_pl_axi4:1.0 - ps_pl_axi4_0
Adding component instance block -- xilinx.com:module_ref:Sim_ad_data_gen:1.0 - Sim_ad_data_gen_0
Adding component instance block -- xilinx.com:ip:axis_data_fifo:2.0 - axis_data_fifo_0
Successfully read diagram <system> from block design file <D:/ASUS-PC/Desktop/temporary/lwip_tcp_server_perf/lwip_tcp_server_perf.srcs/sources_1/bd/system/system.bd>
INFO: [BD 41-433] 
Design successfully migrated to use XCI files...
update_compile_order -fileset sources_1
INFO: [Vivado 12-8231] Launching Vitis
INFO: [Vivado 12-417] Running vitis
INFO: [Vivado 12-8232] Vitis launch initiated. Please check console for any further messages.
INFO: [Vivado 12-8231] Launching Vitis
INFO: [Vivado 12-417] Running vitis
INFO: [Vivado 12-8232] Vitis launch initiated. Please check console for any further messages.
WARNING: [IP_Flow 19-474] Invalid Parameter 'Component_Name'
WARNING: [IP_Flow 19-4067] Ignoring invalid widget type specified checkbox.Providing a default widget
create_ip -name ila -vendor xilinx.com -library ip -version 6.2 -module_name ila_0
set_property -dict [list CONFIG.C_PROBE6_WIDTH {4} CONFIG.C_PROBE5_WIDTH {8} CONFIG.C_PROBE2_WIDTH {8} CONFIG.C_NUM_OF_PROBES {7}] [get_ips ila_0]
generate_target {instantiation_template} [get_files d:/ASUS-PC/Desktop/temporary/lwip_tcp_server_perf/lwip_tcp_server_perf.srcs/sources_1/ip/ila_0/ila_0.xci]
INFO: [IP_Flow 19-1686] Generating 'Instantiation Template' target for IP 'ila_0'...
generate_target all [get_files  d:/ASUS-PC/Desktop/temporary/lwip_tcp_server_perf/lwip_tcp_server_perf.srcs/sources_1/ip/ila_0/ila_0.xci]
INFO: [IP_Flow 19-1686] Generating 'Synthesis' target for IP 'ila_0'...
WARNING: [IP_Flow 19-4994] Overwriting existing constraint file 'd:/ASUS-PC/Desktop/temporary/lwip_tcp_server_perf/lwip_tcp_server_perf.gen/sources_1/ip/ila_0/ila_0_ooc.xdc'
INFO: [IP_Flow 19-1686] Generating 'Simulation' target for IP 'ila_0'...
INFO: [IP_Flow 19-1686] Generating 'Implementation' target for IP 'ila_0'...
INFO: [IP_Flow 19-1686] Generating 'Change Log' target for IP 'ila_0'...
catch { config_ip_cache -export [get_ips -all ila_0] }
export_ip_user_files -of_objects [get_files d:/ASUS-PC/Desktop/temporary/lwip_tcp_server_perf/lwip_tcp_server_perf.srcs/sources_1/ip/ila_0/ila_0.xci] -no_script -sync -force -quiet
create_ip_run [get_files -of_objects [get_fileset sources_1] d:/ASUS-PC/Desktop/temporary/lwip_tcp_server_perf/lwip_tcp_server_perf.srcs/sources_1/ip/ila_0/ila_0.xci]
launch_runs ila_0_synth_1 -jobs 28
[Mon Jul 21 09:26:34 2025] Launched ila_0_synth_1...
Run output will be captured here: D:/ASUS-PC/Desktop/temporary/lwip_tcp_server_perf/lwip_tcp_server_perf.runs/ila_0_synth_1/runme.log
export_simulation -of_objects [get_files d:/ASUS-PC/Desktop/temporary/lwip_tcp_server_perf/lwip_tcp_server_perf.srcs/sources_1/ip/ila_0/ila_0.xci] -directory D:/ASUS-PC/Desktop/temporary/lwip_tcp_server_perf/lwip_tcp_server_perf.ip_user_files/sim_scripts -ip_user_files_dir D:/ASUS-PC/Desktop/temporary/lwip_tcp_server_perf/lwip_tcp_server_perf.ip_user_files -ipstatic_source_dir D:/ASUS-PC/Desktop/temporary/lwip_tcp_server_perf/lwip_tcp_server_perf.ip_user_files/ipstatic -lib_map_path [list {modelsim=D:/ASUS-PC/Desktop/temporary/lwip_tcp_server_perf/lwip_tcp_server_perf.cache/compile_simlib/modelsim} {questa=D:/ASUS-PC/Desktop/temporary/lwip_tcp_server_perf/lwip_tcp_server_perf.cache/compile_simlib/questa} {riviera=D:/ASUS-PC/Desktop/temporary/lwip_tcp_server_perf/lwip_tcp_server_perf.cache/compile_simlib/riviera} {activehdl=D:/ASUS-PC/Desktop/temporary/lwip_tcp_server_perf/lwip_tcp_server_perf.cache/compile_simlib/activehdl}] -use_ip_compiled_libs -force -quiet
update_module_reference system_Sim_ad_data_gen_0_0
INFO: [IP_Flow 19-5107] Inferred bus interface 'm_axis' of definition 'xilinx.com:interface:axis:1.0' (from Xilinx Repository).
INFO: [IP_Flow 19-5107] Inferred bus interface 'reset_n' of definition 'xilinx.com:signal:reset:1.0' (from Xilinx Repository).
WARNING: [IP_Flow 19-3158] Bus Interface 'm_axis': FREQ_HZ bus parameter missing from AXI interface when interface is not associated to a clock.
INFO: [IP_Flow 19-234] Refreshing IP repositories
INFO: [IP_Flow 19-1700] Loaded user IP repository 'd:/ASUS-PC/Desktop/temporary/lwip_tcp_server_perf/ip_repo'.
Upgrading 'D:/ASUS-PC/Desktop/temporary/lwip_tcp_server_perf/lwip_tcp_server_perf.srcs/sources_1/bd/system/system.bd'
WARNING: [Vivado 12-1017] Problems encountered:
1. Failed to delete one or more files in run directory D:/ASUS-PC/Desktop/temporary/lwip_tcp_server_perf/lwip_tcp_server_perf.runs/system_Sim_ad_data_gen_0_0_synth_1

INFO: [IP_Flow 19-1972] Upgraded system_Sim_ad_data_gen_0_0 from Sim_ad_data_gen_v1_0 1.0 to Sim_ad_data_gen_v1_0 1.0
Wrote  : <D:\ASUS-PC\Desktop\temporary\lwip_tcp_server_perf\lwip_tcp_server_perf.srcs\sources_1\bd\system\system.bd> 
Wrote  : <D:/ASUS-PC/Desktop/temporary/lwip_tcp_server_perf/lwip_tcp_server_perf.srcs/sources_1/bd/system/ui/bd_c954508f.ui> 
validate_bd_design
CRITICAL WARNING: [BD 41-967] AXI interface pin /Sim_ad_data_gen_0/m_axis is not associated to any clock pin. It may not work correctly.
WARNING: [BD 5-699] No address segments matched 'get_bd_addr_segs -addressed -of_object /axi_mem_intercon/S00_AXI'
WARNING: [BD 5-699] No address segments matched 'get_bd_addr_segs -addressable -of_object /axi_mem_intercon/S00_AXI'
WARNING: [BD 5-699] No address segments matched 'get_bd_addr_segs -addressing -of_object /axi_mem_intercon/S00_AXI'
CRITICAL WARNING: [xilinx.com:ip:axi_dma:7.1-9] /axi_dma_0
                   ########################################################### 
                   Interface connected to S_AXIS_S2MM does not have TLAST port
                   ###########################################################
make_wrapper -files [get_files D:/ASUS-PC/Desktop/temporary/lwip_tcp_server_perf/lwip_tcp_server_perf.srcs/sources_1/bd/system/system.bd] -top
INFO: [BD 41-1662] The design 'system.bd' is already validated. Therefore parameter propagation will not be re-run.
Wrote  : <D:\ASUS-PC\Desktop\temporary\lwip_tcp_server_perf\lwip_tcp_server_perf.srcs\sources_1\bd\system\system.bd> 
Wrote  : <D:/ASUS-PC/Desktop/temporary/lwip_tcp_server_perf/lwip_tcp_server_perf.srcs/sources_1/bd/system/ui/bd_c954508f.ui> 
WARNING: [BD 41-2384] Width mismatch when connecting pin: '/axi_mem_intercon/m00_couplers/auto_pc/m_axi_rid'(1) to pin: '/axi_mem_intercon/m00_couplers/M_AXI_rid'(6) - Only lower order bits will be connected.
WARNING: [BD 41-2384] Width mismatch when connecting pin: '/axi_mem_intercon/m00_couplers/auto_pc/m_axi_bid'(1) to pin: '/axi_mem_intercon/m00_couplers/M_AXI_bid'(6) - Only lower order bits will be connected.
WARNING: [BD 41-2384] Width mismatch when connecting pin: '/processing_system7_0/S_AXI_HP0_WID'(6) to pin: '/axi_mem_intercon/M00_AXI_wid'(1) - Only lower order bits will be connected.
WARNING: [BD 41-2384] Width mismatch when connecting pin: '/processing_system7_0/S_AXI_HP0_ARID'(6) to pin: '/axi_mem_intercon/M00_AXI_arid'(1) - Only lower order bits will be connected.
WARNING: [BD 41-2384] Width mismatch when connecting pin: '/processing_system7_0/S_AXI_HP0_AWID'(6) to pin: '/axi_mem_intercon/M00_AXI_awid'(1) - Only lower order bits will be connected.
VHDL Output written to : d:/ASUS-PC/Desktop/temporary/lwip_tcp_server_perf/lwip_tcp_server_perf.gen/sources_1/bd/system/synth/system.vhd
WARNING: [BD 41-2384] Width mismatch when connecting pin: '/axi_mem_intercon/m00_couplers/auto_pc/m_axi_rid'(1) to pin: '/axi_mem_intercon/m00_couplers/M_AXI_rid'(6) - Only lower order bits will be connected.
WARNING: [BD 41-2384] Width mismatch when connecting pin: '/axi_mem_intercon/m00_couplers/auto_pc/m_axi_bid'(1) to pin: '/axi_mem_intercon/m00_couplers/M_AXI_bid'(6) - Only lower order bits will be connected.
WARNING: [BD 41-2384] Width mismatch when connecting pin: '/processing_system7_0/S_AXI_HP0_WID'(6) to pin: '/axi_mem_intercon/M00_AXI_wid'(1) - Only lower order bits will be connected.
WARNING: [BD 41-2384] Width mismatch when connecting pin: '/processing_system7_0/S_AXI_HP0_ARID'(6) to pin: '/axi_mem_intercon/M00_AXI_arid'(1) - Only lower order bits will be connected.
WARNING: [BD 41-2384] Width mismatch when connecting pin: '/processing_system7_0/S_AXI_HP0_AWID'(6) to pin: '/axi_mem_intercon/M00_AXI_awid'(1) - Only lower order bits will be connected.
VHDL Output written to : d:/ASUS-PC/Desktop/temporary/lwip_tcp_server_perf/lwip_tcp_server_perf.gen/sources_1/bd/system/sim/system.vhd
VHDL Output written to : d:/ASUS-PC/Desktop/temporary/lwip_tcp_server_perf/lwip_tcp_server_perf.gen/sources_1/bd/system/hdl/system_wrapper.vhd
generate_target all [get_files  D:/ASUS-PC/Desktop/temporary/lwip_tcp_server_perf/lwip_tcp_server_perf.srcs/sources_1/bd/system/system.bd]
INFO: [BD 41-1662] The design 'system.bd' is already validated. Therefore parameter propagation will not be re-run.
Wrote  : <D:\ASUS-PC\Desktop\temporary\lwip_tcp_server_perf\lwip_tcp_server_perf.srcs\sources_1\bd\system\system.bd> 
WARNING: [BD 41-2384] Width mismatch when connecting pin: '/axi_mem_intercon/m00_couplers/auto_pc/m_axi_rid'(1) to pin: '/axi_mem_intercon/m00_couplers/M_AXI_rid'(6) - Only lower order bits will be connected.
WARNING: [BD 41-2384] Width mismatch when connecting pin: '/axi_mem_intercon/m00_couplers/auto_pc/m_axi_bid'(1) to pin: '/axi_mem_intercon/m00_couplers/M_AXI_bid'(6) - Only lower order bits will be connected.
WARNING: [BD 41-2384] Width mismatch when connecting pin: '/processing_system7_0/S_AXI_HP0_WID'(6) to pin: '/axi_mem_intercon/M00_AXI_wid'(1) - Only lower order bits will be connected.
WARNING: [BD 41-2384] Width mismatch when connecting pin: '/processing_system7_0/S_AXI_HP0_ARID'(6) to pin: '/axi_mem_intercon/M00_AXI_arid'(1) - Only lower order bits will be connected.
WARNING: [BD 41-2384] Width mismatch when connecting pin: '/processing_system7_0/S_AXI_HP0_AWID'(6) to pin: '/axi_mem_intercon/M00_AXI_awid'(1) - Only lower order bits will be connected.
VHDL Output written to : d:/ASUS-PC/Desktop/temporary/lwip_tcp_server_perf/lwip_tcp_server_perf.gen/sources_1/bd/system/synth/system.vhd
WARNING: [BD 41-2384] Width mismatch when connecting pin: '/axi_mem_intercon/m00_couplers/auto_pc/m_axi_rid'(1) to pin: '/axi_mem_intercon/m00_couplers/M_AXI_rid'(6) - Only lower order bits will be connected.
WARNING: [BD 41-2384] Width mismatch when connecting pin: '/axi_mem_intercon/m00_couplers/auto_pc/m_axi_bid'(1) to pin: '/axi_mem_intercon/m00_couplers/M_AXI_bid'(6) - Only lower order bits will be connected.
WARNING: [BD 41-2384] Width mismatch when connecting pin: '/processing_system7_0/S_AXI_HP0_WID'(6) to pin: '/axi_mem_intercon/M00_AXI_wid'(1) - Only lower order bits will be connected.
WARNING: [BD 41-2384] Width mismatch when connecting pin: '/processing_system7_0/S_AXI_HP0_ARID'(6) to pin: '/axi_mem_intercon/M00_AXI_arid'(1) - Only lower order bits will be connected.
WARNING: [BD 41-2384] Width mismatch when connecting pin: '/processing_system7_0/S_AXI_HP0_AWID'(6) to pin: '/axi_mem_intercon/M00_AXI_awid'(1) - Only lower order bits will be connected.
VHDL Output written to : d:/ASUS-PC/Desktop/temporary/lwip_tcp_server_perf/lwip_tcp_server_perf.gen/sources_1/bd/system/sim/system.vhd
VHDL Output written to : d:/ASUS-PC/Desktop/temporary/lwip_tcp_server_perf/lwip_tcp_server_perf.gen/sources_1/bd/system/hdl/system_wrapper.vhd
INFO: [IP_Flow 19-5611] Unable to find an associated reset port for the interface 'M_AXI_GP0'. A default connection has been created.
INFO: [IP_Flow 19-5611] Unable to find an associated reset port for the interface 'S_AXI_HP0'. A default connection has been created.
INFO: [BD 41-1029] Generation completed for the IP Integrator block processing_system7_0 .
INFO: [BD 41-1982] Skipping generation for the cell ps_pl_axi4_0, which is locked by user.
INFO: [BD 41-1029] Generation completed for the IP Integrator block Sim_ad_data_gen_0 .
WARNING: [IP_Flow 19-4994] Overwriting existing constraint file 'd:/ASUS-PC/Desktop/temporary/lwip_tcp_server_perf/lwip_tcp_server_perf.gen/sources_1/bd/system/ip/system_auto_pc_0/system_auto_pc_0_ooc.xdc'
INFO: [BD 41-1029] Generation completed for the IP Integrator block ps7_0_axi_periph/s00_couplers/auto_pc .
WARNING: [IP_Flow 19-4994] Overwriting existing constraint file 'd:/ASUS-PC/Desktop/temporary/lwip_tcp_server_perf/lwip_tcp_server_perf.gen/sources_1/bd/system/ip/system_auto_us_0/system_auto_us_0_ooc.xdc'
INFO: [IP_Flow 19-5611] Unable to find an associated reset port for the interface 'S_AXI'. A default connection has been created.
INFO: [IP_Flow 19-5611] Unable to find an associated reset port for the interface 'M_AXI'. A default connection has been created.
INFO: [BD 41-1029] Generation completed for the IP Integrator block axi_mem_intercon/s01_couplers/auto_us .
WARNING: [IP_Flow 19-4994] Overwriting existing constraint file 'd:/ASUS-PC/Desktop/temporary/lwip_tcp_server_perf/lwip_tcp_server_perf.gen/sources_1/bd/system/ip/system_auto_pc_1/system_auto_pc_1_ooc.xdc'
INFO: [BD 41-1029] Generation completed for the IP Integrator block axi_mem_intercon/m00_couplers/auto_pc .
Exporting to file d:/ASUS-PC/Desktop/temporary/lwip_tcp_server_perf/lwip_tcp_server_perf.gen/sources_1/bd/system/hw_handoff/system.hwh
Generated Block Design Tcl file d:/ASUS-PC/Desktop/temporary/lwip_tcp_server_perf/lwip_tcp_server_perf.gen/sources_1/bd/system/hw_handoff/system_bd.tcl
Generated Hardware Definition File d:/ASUS-PC/Desktop/temporary/lwip_tcp_server_perf/lwip_tcp_server_perf.gen/sources_1/bd/system/synth/system.hwdef
WARNING: [BD 41-2265] Clock pin for protocol instance pin m_axis could not be determined. Make sure that ASSOCIATED_BUSIF and ASSOCIATED_RESET properties are set or propagated on clock pins of block /Sim_ad_data_gen_0
generate_target: Time (s): cpu = 00:00:11 ; elapsed = 00:00:18 . Memory (MB): peak = 1942.227 ; gain = 84.324
catch { config_ip_cache -export [get_ips -all system_processing_system7_0_0] }
catch { config_ip_cache -export [get_ips -all system_Sim_ad_data_gen_0_0] }
catch { config_ip_cache -export [get_ips -all system_auto_pc_0] }
INFO: [IP_Flow 19-4993] Using cached IP synthesis design for IP system_auto_pc_0, cache-ID = 45f42ed80a18c646; cache size = 33.895 MB.
catch { config_ip_cache -export [get_ips -all system_auto_us_0] }
INFO: [IP_Flow 19-4993] Using cached IP synthesis design for IP system_auto_us_0, cache-ID = 4c1b841e5e049baa; cache size = 33.895 MB.
catch { config_ip_cache -export [get_ips -all system_auto_pc_1] }
INFO: [IP_Flow 19-4993] Using cached IP synthesis design for IP system_auto_pc_1, cache-ID = 1c2d7b694e6635ce; cache size = 33.895 MB.
export_ip_user_files -of_objects [get_files D:/ASUS-PC/Desktop/temporary/lwip_tcp_server_perf/lwip_tcp_server_perf.srcs/sources_1/bd/system/system.bd] -no_script -sync -force -quiet
create_ip_run [get_files -of_objects [get_fileset sources_1] D:/ASUS-PC/Desktop/temporary/lwip_tcp_server_perf/lwip_tcp_server_perf.srcs/sources_1/bd/system/system.bd]
launch_runs system_processing_system7_0_0_synth_1 system_Sim_ad_data_gen_0_0_synth_1 -jobs 28
[Mon Jul 21 09:34:33 2025] Launched system_processing_system7_0_0_synth_1, system_Sim_ad_data_gen_0_0_synth_1...
Run output will be captured here:
system_processing_system7_0_0_synth_1: D:/ASUS-PC/Desktop/temporary/lwip_tcp_server_perf/lwip_tcp_server_perf.runs/system_processing_system7_0_0_synth_1/runme.log
system_Sim_ad_data_gen_0_0_synth_1: D:/ASUS-PC/Desktop/temporary/lwip_tcp_server_perf/lwip_tcp_server_perf.runs/system_Sim_ad_data_gen_0_0_synth_1/runme.log
export_simulation -of_objects [get_files D:/ASUS-PC/Desktop/temporary/lwip_tcp_server_perf/lwip_tcp_server_perf.srcs/sources_1/bd/system/system.bd] -directory D:/ASUS-PC/Desktop/temporary/lwip_tcp_server_perf/lwip_tcp_server_perf.ip_user_files/sim_scripts -ip_user_files_dir D:/ASUS-PC/Desktop/temporary/lwip_tcp_server_perf/lwip_tcp_server_perf.ip_user_files -ipstatic_source_dir D:/ASUS-PC/Desktop/temporary/lwip_tcp_server_perf/lwip_tcp_server_perf.ip_user_files/ipstatic -lib_map_path [list {modelsim=D:/ASUS-PC/Desktop/temporary/lwip_tcp_server_perf/lwip_tcp_server_perf.cache/compile_simlib/modelsim} {questa=D:/ASUS-PC/Desktop/temporary/lwip_tcp_server_perf/lwip_tcp_server_perf.cache/compile_simlib/questa} {riviera=D:/ASUS-PC/Desktop/temporary/lwip_tcp_server_perf/lwip_tcp_server_perf.cache/compile_simlib/riviera} {activehdl=D:/ASUS-PC/Desktop/temporary/lwip_tcp_server_perf/lwip_tcp_server_perf.cache/compile_simlib/activehdl}] -use_ip_compiled_libs -force -quiet
