09:51:52 INFO  : Platform repository initialization has completed.
09:51:52 INFO  : Registering command handlers for Vitis TCF services
09:51:52 INFO  : Launching XSCT server: xsct.bat -n  -interactive D:\ASUS-PC\Desktop\temporary\FMCW_module_control\vitis\temp_xsdb_launch_script.tcl
09:51:54 INFO  : XSCT server has started successfully.
09:51:54 INFO  : Successfully done setting XSCT server connection channel  
09:51:54 INFO  : plnx-install-location is set to ''
09:51:54 INFO  : Successfully done setting workspace for the tool. 
09:51:54 INFO  : Successfully done query RDI_DATADIR 
09:55:04 INFO  : Launching XSCT server: xsct.bat -n  -interactive D:\ASUS-PC\Desktop\temporary\FMCW_module_control\vitis\temp_xsdb_launch_script.tcl
09:55:04 INFO  : Platform repository initialization has completed.
09:55:04 INFO  : Registering command handlers for Vitis TCF services
09:55:06 INFO  : XSCT server has started successfully.
09:55:06 INFO  : plnx-install-location is set to ''
09:55:06 INFO  : Successfully done setting XSCT server connection channel  
09:55:06 INFO  : Successfully done query RDI_DATADIR 
09:55:06 INFO  : Successfully done setting workspace for the tool. 
09:57:11 INFO  : Result from executing command 'getProjects': system_wrapper
09:57:11 INFO  : Result from executing command 'getPlatforms': 
09:57:11 WARN  : An unexpected exception occurred in the module 'platform project logging'
09:57:11 INFO  : Platform 'system_wrapper' is added to custom repositories.
09:57:17 INFO  : Platform 'system_wrapper' is added to custom repositories.
10:44:13 INFO  : Checking for BSP changes to sync application flags for project 'FMCW_module_control'...
10:44:13 INFO  : Result from executing command 'getProjects': FMCW_module_control;FMCW_module_control_system;RemoteSystemsTempFiles;system_wrapper
10:44:13 WARN  : Failed to closehw "D:/ASUS-PC/Desktop/temporary/FMCW_module_control/vitis/system_wrapper/export/system_wrapper/hw/system_wrapper.xsa"
Reason: D:/ASUS-PC/Desktop/temporary/FMCW_module_control/vitis/system_wrapper/export/system_wrapper/hw/system_wrapper.xsa is not available in the current workspace
use 'getprojects' command to see list of available projects in current workspace
10:44:13 INFO  : Result from executing command 'getProjects': FMCW_module_control;FMCW_module_control_system;RemoteSystemsTempFiles;system_wrapper
10:44:13 ERROR : Failed to openhw "D:/ASUS-PC/Desktop/temporary/FMCW_module_control/vitis/system_wrapper/export/system_wrapper/hw/system_wrapper.xsa"
Reason: D:/ASUS-PC/Desktop/temporary/FMCW_module_control/vitis/system_wrapper/export/system_wrapper/hw/system_wrapper.xsa is not available in the current workspace
use 'getprojects' command to see list of available projects in current workspace
10:44:13 ERROR : Failed to update application flags from BSP for 'FMCW_module_control'. Reason: null
java.lang.NullPointerException
	at com.xilinx.sdx.sw.internal.SDxSwPlatform.<init>(SDxSwPlatform.java:305)
	at com.xilinx.sdx.sw.internal.SDxSwPlatform.create(SDxSwPlatform.java:214)
	at com.xilinx.sdx.sdk.core.util.SdkPlatformHelper.getSwPlatform(SdkPlatformHelper.java:61)
	at com.xilinx.sdx.sdk.core.build.SdkMakefileGenerationListener.getSwPlatform(SdkMakefileGenerationListener.java:160)
	at com.xilinx.sdx.sdk.core.build.SdkMakefileGenerationListener.syncAppFlags(SdkMakefileGenerationListener.java:78)
	at com.xilinx.sdx.sdk.core.build.SdkMakefileGenerationListener.preMakefileGeneration(SdkMakefileGenerationListener.java:48)
	at com.xilinx.sdk.managedbuilder.XilinxGnuMakefileGenerator.notifyPreMakefileGenerationListeners(XilinxGnuMakefileGenerator.java:91)
	at com.xilinx.sdk.managedbuilder.XilinxGnuMakefileGenerator.regenerateMakefiles(XilinxGnuMakefileGenerator.java:75)
	at org.eclipse.cdt.managedbuilder.internal.core.CommonBuilder.performMakefileGeneration(CommonBuilder.java:1006)
	at org.eclipse.cdt.managedbuilder.internal.core.CommonBuilder.performPrebuildGeneration(CommonBuilder.java:873)
	at org.eclipse.cdt.managedbuilder.internal.core.CommonBuilder.build(CommonBuilder.java:748)
	at org.eclipse.cdt.managedbuilder.internal.core.CommonBuilder.build(CommonBuilder.java:513)
	at org.eclipse.cdt.managedbuilder.internal.core.CommonBuilder.build(CommonBuilder.java:459)
	at org.eclipse.core.internal.events.BuildManager$2.run(BuildManager.java:832)
	at org.eclipse.core.runtime.SafeRunner.run(SafeRunner.java:45)
	at org.eclipse.core.internal.events.BuildManager.basicBuild(BuildManager.java:220)
	at org.eclipse.core.internal.events.BuildManager.basicBuild(BuildManager.java:263)
	at org.eclipse.core.internal.events.BuildManager$1.run(BuildManager.java:316)
	at org.eclipse.core.runtime.SafeRunner.run(SafeRunner.java:45)
	at org.eclipse.core.internal.events.BuildManager.basicBuild(BuildManager.java:319)
	at org.eclipse.core.internal.events.BuildManager.basicBuildLoop(BuildManager.java:371)
	at org.eclipse.core.internal.events.BuildManager.build(BuildManager.java:392)
	at org.eclipse.core.internal.resources.Workspace.buildInternal(Workspace.java:515)
	at org.eclipse.core.internal.resources.Workspace.build(Workspace.java:412)
	at org.eclipse.ui.actions.BuildAction$1.runInWorkspace(BuildAction.java:291)
	at org.eclipse.core.internal.resources.InternalWorkspaceJob.run(InternalWorkspaceJob.java:42)
	at org.eclipse.core.internal.jobs.Worker.run(Worker.java:63)
10:47:35 INFO  : No changes in MSS file content so sources will not be generated.
10:51:45 INFO  : Result from executing command 'getProjects': system_wrapper
10:51:45 INFO  : Result from executing command 'getPlatforms': system_wrapper|D:/ASUS-PC/Desktop/temporary/FMCW_module_control/vitis/system_wrapper/export/system_wrapper/system_wrapper.xpfm
10:51:45 INFO  : Checking for BSP changes to sync application flags for project 'FMCW_module_control'...
10:54:03 INFO  : Connected to target on host '127.0.0.1' and port '3121'.
10:54:03 INFO  : Jtag cable 'Digilent JTAG-SMT2 C305AC14ABCD' is selected.
10:54:03 INFO  : 'jtag frequency' command is executed.
10:54:04 INFO  : Context for 'APU' is selected.
10:54:04 INFO  : System reset is completed.
10:54:07 INFO  : 'after 3000' command is executed.
10:54:07 INFO  : 'targets -set -filter {jtag_cable_name =~ "Digilent JTAG-SMT2 C305AC14ABCD" && level==0 && jtag_device_ctx=="jsn-JTAG-SMT2-C305AC14ABCD-23727093-0"}' command is executed.
10:54:09 INFO  : Device configured successfully with "D:/ASUS-PC/Desktop/temporary/FMCW_module_control/vitis/FMCW_module_control/_ide/bitstream/system_wrapper.bit"
10:54:09 INFO  : Context for 'APU' is selected.
10:54:09 INFO  : Hardware design and registers information is loaded from 'D:/ASUS-PC/Desktop/temporary/FMCW_module_control/vitis/system_wrapper/export/system_wrapper/hw/system_wrapper.xsa'.
10:54:09 INFO  : 'configparams force-mem-access 1' command is executed.
10:54:09 INFO  : Context for 'APU' is selected.
10:54:09 INFO  : Sourcing of 'D:/ASUS-PC/Desktop/temporary/FMCW_module_control/vitis/FMCW_module_control/_ide/psinit/ps7_init.tcl' is done.
10:54:09 INFO  : 'ps7_init' command is executed.
10:54:09 INFO  : 'ps7_post_config' command is executed.
10:54:09 INFO  : Context for processor 'ps7_cortexa9_0' is selected.
10:54:09 ERROR : AP transaction timeout
10:54:09 INFO  : ----------------XSDB Script----------------
connect -url tcp:127.0.0.1:3121
targets -set -nocase -filter {name =~"APU*"}
rst -system
after 3000
targets -set -filter {jtag_cable_name =~ "Digilent JTAG-SMT2 C305AC14ABCD" && level==0 && jtag_device_ctx=="jsn-JTAG-SMT2-C305AC14ABCD-23727093-0"}
fpga -file D:/ASUS-PC/Desktop/temporary/FMCW_module_control/vitis/FMCW_module_control/_ide/bitstream/system_wrapper.bit
targets -set -nocase -filter {name =~"APU*"}
loadhw -hw D:/ASUS-PC/Desktop/temporary/FMCW_module_control/vitis/system_wrapper/export/system_wrapper/hw/system_wrapper.xsa -mem-ranges [list {0x40000000 0xbfffffff}] -regs
configparams force-mem-access 1
targets -set -nocase -filter {name =~"APU*"}
source D:/ASUS-PC/Desktop/temporary/FMCW_module_control/vitis/FMCW_module_control/_ide/psinit/ps7_init.tcl
ps7_init
ps7_post_config
targets -set -nocase -filter {name =~ "*A9*#0"}
dow D:/ASUS-PC/Desktop/temporary/FMCW_module_control/vitis/FMCW_module_control/Debug/FMCW_module_control.elf
----------------End of Script----------------

10:54:09 ERROR : AP transaction timeout
10:54:20 INFO  : Connected to target on host '127.0.0.1' and port '3121'.
10:54:20 INFO  : Jtag cable 'Digilent JTAG-SMT2 C305AC14ABCD' is selected.
10:54:20 INFO  : 'jtag frequency' command is executed.
10:54:20 INFO  : Context for 'APU' is selected.
10:54:20 ERROR : AP transaction error, DAP status 0xF0000021
10:54:20 INFO  : ----------------XSDB Script----------------
connect -url tcp:127.0.0.1:3121
targets -set -nocase -filter {name =~"APU*"}
rst -system
after 3000
----------------End of Script----------------

10:54:20 ERROR : AP transaction error, DAP status 0xF0000021
10:55:06 INFO  : Connected to target on host '127.0.0.1' and port '3121'.
10:55:06 INFO  : Jtag cable 'Digilent JTAG-SMT2 C305AC14ABCD' is selected.
10:55:06 INFO  : 'jtag frequency' command is executed.
10:55:06 INFO  : Context for 'APU' is selected.
10:55:06 INFO  : System reset is completed.
10:55:09 INFO  : 'after 3000' command is executed.
10:55:09 INFO  : 'targets -set -filter {jtag_cable_name =~ "Digilent JTAG-SMT2 C305AC14ABCD" && level==0 && jtag_device_ctx=="jsn-JTAG-SMT2-C305AC14ABCD-23727093-0"}' command is executed.
10:55:11 INFO  : Device configured successfully with "D:/ASUS-PC/Desktop/temporary/FMCW_module_control/vitis/FMCW_module_control/_ide/bitstream/system_wrapper.bit"
10:55:11 INFO  : Context for 'APU' is selected.
10:55:11 INFO  : Hardware design and registers information is loaded from 'D:/ASUS-PC/Desktop/temporary/FMCW_module_control/vitis/system_wrapper/export/system_wrapper/hw/system_wrapper.xsa'.
10:55:11 INFO  : 'configparams force-mem-access 1' command is executed.
10:55:11 INFO  : Context for 'APU' is selected.
10:55:11 INFO  : Sourcing of 'D:/ASUS-PC/Desktop/temporary/FMCW_module_control/vitis/FMCW_module_control/_ide/psinit/ps7_init.tcl' is done.
10:55:11 INFO  : 'ps7_init' command is executed.
10:55:11 INFO  : 'ps7_post_config' command is executed.
10:55:11 INFO  : Context for processor 'ps7_cortexa9_0' is selected.
10:55:12 INFO  : The application 'D:/ASUS-PC/Desktop/temporary/FMCW_module_control/vitis/FMCW_module_control/Debug/FMCW_module_control.elf' is downloaded to processor 'ps7_cortexa9_0'.
10:55:12 INFO  : 'configparams force-mem-access 0' command is executed.
10:55:12 INFO  : ----------------XSDB Script----------------
connect -url tcp:127.0.0.1:3121
targets -set -nocase -filter {name =~"APU*"}
rst -system
after 3000
targets -set -filter {jtag_cable_name =~ "Digilent JTAG-SMT2 C305AC14ABCD" && level==0 && jtag_device_ctx=="jsn-JTAG-SMT2-C305AC14ABCD-23727093-0"}
fpga -file D:/ASUS-PC/Desktop/temporary/FMCW_module_control/vitis/FMCW_module_control/_ide/bitstream/system_wrapper.bit
targets -set -nocase -filter {name =~"APU*"}
loadhw -hw D:/ASUS-PC/Desktop/temporary/FMCW_module_control/vitis/system_wrapper/export/system_wrapper/hw/system_wrapper.xsa -mem-ranges [list {0x40000000 0xbfffffff}] -regs
configparams force-mem-access 1
targets -set -nocase -filter {name =~"APU*"}
source D:/ASUS-PC/Desktop/temporary/FMCW_module_control/vitis/FMCW_module_control/_ide/psinit/ps7_init.tcl
ps7_init
ps7_post_config
targets -set -nocase -filter {name =~ "*A9*#0"}
dow D:/ASUS-PC/Desktop/temporary/FMCW_module_control/vitis/FMCW_module_control/Debug/FMCW_module_control.elf
configparams force-mem-access 0
----------------End of Script----------------

10:55:12 INFO  : Context for processor 'ps7_cortexa9_0' is selected.
10:55:12 INFO  : 'con' command is executed.
10:55:12 INFO  : ----------------XSDB Script (After Launch)----------------
targets -set -nocase -filter {name =~ "*A9*#0"}
con
----------------End of Script----------------

10:55:12 INFO  : Launch script is exported to file 'D:\ASUS-PC\Desktop\temporary\FMCW_module_control\vitis\FMCW_module_control_system\_ide\scripts\debugger_fmcw_module_control-default.tcl'
10:56:31 INFO  : Checking for BSP changes to sync application flags for project 'FMCW_module_control'...
10:56:43 INFO  : Disconnected from the channel tcfchan#4.
10:56:44 INFO  : Connected to target on host '127.0.0.1' and port '3121'.
10:56:44 INFO  : Jtag cable 'Digilent JTAG-SMT2 C305AC14ABCD' is selected.
10:56:44 INFO  : 'jtag frequency' command is executed.
10:56:44 INFO  : Context for 'APU' is selected.
10:56:44 INFO  : System reset is completed.
10:56:47 INFO  : 'after 3000' command is executed.
10:56:47 INFO  : 'targets -set -filter {jtag_cable_name =~ "Digilent JTAG-SMT2 C305AC14ABCD" && level==0 && jtag_device_ctx=="jsn-JTAG-SMT2-C305AC14ABCD-23727093-0"}' command is executed.
10:56:50 INFO  : Device configured successfully with "D:/ASUS-PC/Desktop/temporary/FMCW_module_control/vitis/FMCW_module_control/_ide/bitstream/system_wrapper.bit"
10:56:50 INFO  : Context for 'APU' is selected.
10:56:50 INFO  : Hardware design and registers information is loaded from 'D:/ASUS-PC/Desktop/temporary/FMCW_module_control/vitis/system_wrapper/export/system_wrapper/hw/system_wrapper.xsa'.
10:56:50 INFO  : 'configparams force-mem-access 1' command is executed.
10:56:50 INFO  : Context for 'APU' is selected.
10:56:50 INFO  : Sourcing of 'D:/ASUS-PC/Desktop/temporary/FMCW_module_control/vitis/FMCW_module_control/_ide/psinit/ps7_init.tcl' is done.
10:56:50 INFO  : 'ps7_init' command is executed.
10:56:50 INFO  : 'ps7_post_config' command is executed.
10:56:50 INFO  : Context for processor 'ps7_cortexa9_0' is selected.
10:56:51 INFO  : The application 'D:/ASUS-PC/Desktop/temporary/FMCW_module_control/vitis/FMCW_module_control/Debug/FMCW_module_control.elf' is downloaded to processor 'ps7_cortexa9_0'.
10:56:51 INFO  : 'configparams force-mem-access 0' command is executed.
10:56:51 INFO  : ----------------XSDB Script----------------
connect -url tcp:127.0.0.1:3121
targets -set -nocase -filter {name =~"APU*"}
rst -system
after 3000
targets -set -filter {jtag_cable_name =~ "Digilent JTAG-SMT2 C305AC14ABCD" && level==0 && jtag_device_ctx=="jsn-JTAG-SMT2-C305AC14ABCD-23727093-0"}
fpga -file D:/ASUS-PC/Desktop/temporary/FMCW_module_control/vitis/FMCW_module_control/_ide/bitstream/system_wrapper.bit
targets -set -nocase -filter {name =~"APU*"}
loadhw -hw D:/ASUS-PC/Desktop/temporary/FMCW_module_control/vitis/system_wrapper/export/system_wrapper/hw/system_wrapper.xsa -mem-ranges [list {0x40000000 0xbfffffff}] -regs
configparams force-mem-access 1
targets -set -nocase -filter {name =~"APU*"}
source D:/ASUS-PC/Desktop/temporary/FMCW_module_control/vitis/FMCW_module_control/_ide/psinit/ps7_init.tcl
ps7_init
ps7_post_config
targets -set -nocase -filter {name =~ "*A9*#0"}
dow D:/ASUS-PC/Desktop/temporary/FMCW_module_control/vitis/FMCW_module_control/Debug/FMCW_module_control.elf
configparams force-mem-access 0
----------------End of Script----------------

10:56:51 INFO  : Context for processor 'ps7_cortexa9_0' is selected.
10:56:51 INFO  : 'con' command is executed.
10:56:51 INFO  : ----------------XSDB Script (After Launch)----------------
targets -set -nocase -filter {name =~ "*A9*#0"}
con
----------------End of Script----------------

10:56:51 INFO  : Launch script is exported to file 'D:\ASUS-PC\Desktop\temporary\FMCW_module_control\vitis\FMCW_module_control_system\_ide\scripts\debugger_fmcw_module_control-default.tcl'
11:12:20 INFO  : Disconnected from the channel tcfchan#5.
11:12:28 INFO  : Connected to target on host '127.0.0.1' and port '3121'.
11:12:28 INFO  : Jtag cable 'Digilent JTAG-SMT2 C305AC14ABCD' is selected.
11:12:28 INFO  : 'jtag frequency' command is executed.
11:12:28 INFO  : Context for 'APU' is selected.
11:12:29 INFO  : System reset is completed.
11:12:32 INFO  : 'after 3000' command is executed.
11:12:32 INFO  : 'targets -set -filter {jtag_cable_name =~ "Digilent JTAG-SMT2 C305AC14ABCD" && level==0 && jtag_device_ctx=="jsn-JTAG-SMT2-C305AC14ABCD-23727093-0"}' command is executed.
11:12:34 INFO  : Device configured successfully with "D:/ASUS-PC/Desktop/temporary/FMCW_module_control/vitis/FMCW_module_control/_ide/bitstream/system_wrapper.bit"
11:12:34 INFO  : Context for 'APU' is selected.
11:12:34 INFO  : Hardware design and registers information is loaded from 'D:/ASUS-PC/Desktop/temporary/FMCW_module_control/vitis/system_wrapper/export/system_wrapper/hw/system_wrapper.xsa'.
11:12:34 INFO  : 'configparams force-mem-access 1' command is executed.
11:12:34 INFO  : Context for 'APU' is selected.
11:12:34 INFO  : Sourcing of 'D:/ASUS-PC/Desktop/temporary/FMCW_module_control/vitis/FMCW_module_control/_ide/psinit/ps7_init.tcl' is done.
11:12:34 INFO  : 'ps7_init' command is executed.
11:12:34 INFO  : 'ps7_post_config' command is executed.
11:12:34 INFO  : Context for processor 'ps7_cortexa9_0' is selected.
11:12:35 INFO  : The application 'D:/ASUS-PC/Desktop/temporary/FMCW_module_control/vitis/FMCW_module_control/Debug/FMCW_module_control.elf' is downloaded to processor 'ps7_cortexa9_0'.
11:12:35 INFO  : 'configparams force-mem-access 0' command is executed.
11:12:35 INFO  : ----------------XSDB Script----------------
connect -url tcp:127.0.0.1:3121
targets -set -nocase -filter {name =~"APU*"}
rst -system
after 3000
targets -set -filter {jtag_cable_name =~ "Digilent JTAG-SMT2 C305AC14ABCD" && level==0 && jtag_device_ctx=="jsn-JTAG-SMT2-C305AC14ABCD-23727093-0"}
fpga -file D:/ASUS-PC/Desktop/temporary/FMCW_module_control/vitis/FMCW_module_control/_ide/bitstream/system_wrapper.bit
targets -set -nocase -filter {name =~"APU*"}
loadhw -hw D:/ASUS-PC/Desktop/temporary/FMCW_module_control/vitis/system_wrapper/export/system_wrapper/hw/system_wrapper.xsa -mem-ranges [list {0x40000000 0xbfffffff}] -regs
configparams force-mem-access 1
targets -set -nocase -filter {name =~"APU*"}
source D:/ASUS-PC/Desktop/temporary/FMCW_module_control/vitis/FMCW_module_control/_ide/psinit/ps7_init.tcl
ps7_init
ps7_post_config
targets -set -nocase -filter {name =~ "*A9*#0"}
dow D:/ASUS-PC/Desktop/temporary/FMCW_module_control/vitis/FMCW_module_control/Debug/FMCW_module_control.elf
configparams force-mem-access 0
----------------End of Script----------------

11:12:35 INFO  : Context for processor 'ps7_cortexa9_0' is selected.
11:12:35 INFO  : 'con' command is executed.
11:12:35 INFO  : ----------------XSDB Script (After Launch)----------------
targets -set -nocase -filter {name =~ "*A9*#0"}
con
----------------End of Script----------------

11:12:35 INFO  : Launch script is exported to file 'D:\ASUS-PC\Desktop\temporary\FMCW_module_control\vitis\FMCW_module_control_system\_ide\scripts\debugger_fmcw_module_control-default.tcl'
11:18:09 INFO  : Disconnected from the channel tcfchan#6.
