#-----------------------------------------------------------
# Vivado v2021.1 (64-bit)
# SW Build 3247384 on Thu Jun 10 19:36:33 MDT 2021
# IP Build 3246043 on Fri Jun 11 00:30:35 MDT 2021
# Start of session at: Wed Jun 25 11:37:17 2025
# Process ID: 101960
# Current directory: D:/ASUS-PC/Desktop/temporary/lwip_tcp_server_perf
# Command line: vivado.exe -gui_launcher_event rodinguilauncherevent79484 D:\ASUS-PC\Desktop\temporary\lwip_tcp_server_perf\lwip_tcp_server_perf.xpr
# Log file: D:/ASUS-PC/Desktop/temporary/lwip_tcp_server_perf/vivado.log
# Journal file: D:/ASUS-PC/Desktop/temporary/lwip_tcp_server_perf\vivado.jou
#-----------------------------------------------------------
start_gui
open_project D:/ASUS-PC/Desktop/temporary/lwip_tcp_server_perf/lwip_tcp_server_perf.xpr
Scanning sources...
Finished scanning sources
INFO: [IP_Flow 19-234] Refreshing IP repositories
WARNING: [IP_Flow 19-593] The IP 'AM2302_v1.0', version 1.0, is no longer found in the user IP repository d:/ASUS-PC/Desktop/temporary/lwip_tcp_server_perf/ip_repo. It will not be included in the IP Catalog. (It used to be found at d:/ASUS-PC/Desktop/temporary/lwip_tcp_server_perf/ip_repo/AM2302_1.0.)
WARNING: [IP_Flow 19-593] The IP 'Pro_FPGA_ctrl_v1.0', version 1.0, is no longer found in the user IP repository d:/ASUS-PC/Desktop/temporary/lwip_tcp_server_perf/ip_repo. It will not be included in the IP Catalog. (It used to be found at d:/ASUS-PC/Desktop/temporary/lwip_tcp_server_perf/ip_repo/Pro_FPGA_ctrl_1.0.)
INFO: [IP_Flow 19-1700] Loaded user IP repository 'd:/ASUS-PC/Desktop/temporary/lwip_tcp_server_perf/ip_repo'.
INFO: [IP_Flow 19-2313] Loaded Vivado IP repository 'E:/Xilinx2021/Vivado/2021.1/data/ip'.
update_compile_order -fileset sources_1
open_bd_design {D:/ASUS-PC/Desktop/temporary/lwip_tcp_server_perf/lwip_tcp_server_perf.srcs/sources_1/bd/system/system.bd}
Reading block design file <D:/ASUS-PC/Desktop/temporary/lwip_tcp_server_perf/lwip_tcp_server_perf.srcs/sources_1/bd/system/system.bd>...
Adding component instance block -- xilinx.com:ip:processing_system7:5.5 - processing_system7_0
Adding component instance block -- xilinx.com:ip:axis_data_fifo:2.0 - axis_data_fifo_0
Adding component instance block -- xilinx.com:ip:axi_dma:7.1 - axi_dma_0
WARNING: [BD 41-1282] Ignoring parameter HAS_BURST
WARNING: [BD 41-1281] Parameter HAS_BURST is not defined on /axi_dma_0/M_AXIS_MM2S. Setting parameter on /axi_dma_0/M_AXIS_MM2S failed
Adding component instance block -- xilinx.com:ip:xlconcat:2.1 - xlconcat_0
Adding component instance block -- xilinx.com:ip:axi_interconnect:2.1 - ps7_0_axi_periph
Adding component instance block -- xilinx.com:ip:axi_protocol_converter:2.1 - auto_pc
Adding component instance block -- xilinx.com:ip:proc_sys_reset:5.0 - rst_ps7_0_100M
Adding component instance block -- xilinx.com:ip:axi_interconnect:2.1 - axi_mem_intercon
Adding component instance block -- xilinx.com:ip:axi_crossbar:2.1 - xbar
Adding component instance block -- xilinx.com:ip:axi_dwidth_converter:2.1 - auto_us
Adding component instance block -- xilinx.com:ip:axi_dwidth_converter:2.1 - auto_us
Adding component instance block -- xilinx.com:ip:axi_protocol_converter:2.1 - auto_pc
Successfully read diagram <system> from block design file <D:/ASUS-PC/Desktop/temporary/lwip_tcp_server_perf/lwip_tcp_server_perf.srcs/sources_1/bd/system/system.bd>
add_files {D:/ASUS-PC/Desktop/temporary/lwip_tcp_server_perf/ip_repo/ps_pl_axi4_1.0/example_designs/bfm_design/ps_pl_axi4_v1_0_tb.sv D:/ASUS-PC/Desktop/temporary/lwip_tcp_server_perf/ip_repo/ps_pl_axi4_1.0/hdl/axi4_2_gmii.vhd D:/ASUS-PC/Desktop/temporary/lwip_tcp_server_perf/ip_repo/ps_pl_axi4_1.0/hdl/ps_pl_axi4_v1_0.vhd D:/ASUS-PC/Desktop/temporary/lwip_tcp_server_perf/ip_repo/ps_pl_axi4_1.0/hdl/ps_pl_axi4_v1_0_S00_AXI.vhd D:/ASUS-PC/Desktop/temporary/lwip_tcp_server_perf/ip_repo/ps_pl_axi4_1.0/drivers/ps_pl_axi4_v1_0/src/ps_pl_axi4.h}
update_compile_order -fileset sources_1
exit
INFO: [Common 17-206] Exiting Vivado at Wed Jun 25 11:40:51 2025...
